<?xml version="1.0" encoding="UTF-8"?>
<coverage generated="1789166629876" clover="3.2.0">
  <project timestamp="1789166629876" name="All files">
    <metrics statements="500" coveredstatements="475" conditionals="535" coveredconditionals="476" methods="194" coveredmethods="173" elements="1229" coveredelements="1124" complexity="0" loc="500" ncloc="500" packages="3" files="12" classes="12"/>
    <package name="components">
      <metrics statements="26" coveredstatements="22" conditionals="14" coveredconditionals="13" methods="12" coveredmethods="8"/>
      <file name="Navbar.jsx" path="C:\Users\Usuario\CIAE-frontend\src\components\Navbar.jsx">
        <metrics statements="18" coveredstatements="14" conditionals="10" coveredconditionals="9" methods="10" coveredmethods="6"/>
        <line num="16" count="12" type="stmt"/>
        <line num="17" count="12" type="stmt"/>
        <line num="20" count="12" type="cond" truecount="1" falsecount="1"/>
        <line num="22" count="12" type="stmt"/>
        <line num="23" count="1" type="stmt"/>
        <line num="24" count="1" type="stmt"/>
        <line num="25" count="1" type="stmt"/>
        <line num="28" count="12" type="stmt"/>
        <line num="38" count="12" type="stmt"/>
        <line num="59" count="36" type="stmt"/>
        <line num="102" count="2" type="stmt"/>
        <line num="116" count="0" type="stmt"/>
        <line num="141" count="1" type="stmt"/>
        <line num="152" count="36" type="stmt"/>
        <line num="153" count="36" type="stmt"/>
        <line num="157" count="0" type="stmt"/>
        <line num="175" count="0" type="stmt"/>
        <line num="196" count="0" type="stmt"/>
      </file>
      <file name="RutaProtegida.jsx" path="C:\Users\Usuario\CIAE-frontend\src\components\RutaProtegida.jsx">
        <metrics statements="4" coveredstatements="4" conditionals="2" coveredconditionals="2" methods="1" coveredmethods="1"/>
        <line num="4" count="4" type="stmt"/>
        <line num="5" count="4" type="cond" truecount="2" falsecount="0"/>
        <line num="6" count="2" type="stmt"/>
        <line num="8" count="2" type="stmt"/>
      </file>
      <file name="RutaPublica.jsx" path="C:\Users\Usuario\CIAE-frontend\src\components\RutaPublica.jsx">
        <metrics statements="4" coveredstatements="4" conditionals="2" coveredconditionals="2" methods="1" coveredmethods="1"/>
        <line num="5" count="4" type="stmt"/>
        <line num="8" count="4" type="cond" truecount="2" falsecount="0"/>
        <line num="9" count="2" type="stmt"/>
        <line num="12" count="2" type="stmt"/>
      </file>
    </package>
    <package name="components.admin">
      <metrics statements="269" coveredstatements="255" conditionals="310" coveredconditionals="265" methods="118" coveredmethods="105"/>
      <file name="ModuloAlumnos.jsx" path="C:\Users\Usuario\CIAE-frontend\src\components\admin\ModuloAlumnos.jsx">
        <metrics statements="80" coveredstatements="76" conditionals="95" coveredconditionals="87" methods="36" coveredmethods="32"/>
        <line num="25" count="373" type="stmt"/>
        <line num="26" count="373" type="stmt"/>
        <line num="27" count="373" type="stmt"/>
        <line num="28" count="373" type="stmt"/>
        <line num="30" count="373" type="stmt"/>
        <line num="31" count="373" type="stmt"/>
        <line num="33" count="373" type="stmt"/>
        <line num="42" count="373" type="stmt"/>
        <line num="51" count="5" type="stmt"/>
        <line num="52" count="5" type="stmt"/>
        <line num="59" count="5" type="cond" truecount="2" falsecount="0"/>
        <line num="62" count="5" type="cond" truecount="2" falsecount="0"/>
        <line num="64" count="5" type="stmt"/>
        <line num="65" count="5" type="stmt"/>
        <line num="70" count="4" type="cond" truecount="2" falsecount="0"/>
        <line num="71" count="3" type="stmt"/>
        <line num="77" count="3" type="stmt"/>
        <line num="78" count="3" type="stmt"/>
        <line num="80" count="1" type="stmt"/>
        <line num="81" count="1" type="cond" truecount="1" falsecount="1"/>
        <line num="84" count="1" type="stmt"/>
        <line num="89" count="3" type="stmt"/>
        <line num="90" count="3" type="stmt"/>
        <line num="100" count="4" type="stmt"/>
        <line num="101" count="4" type="stmt"/>
        <line num="105" count="5" type="stmt"/>
        <line num="106" count="5" type="stmt"/>
        <line num="107" count="5" type="cond" truecount="2" falsecount="0"/>
        <line num="108" count="1" type="stmt"/>
        <line num="112" count="1" type="stmt"/>
        <line num="115" count="4" type="stmt"/>
        <line num="117" count="4" type="stmt"/>
        <line num="118" count="4" type="stmt"/>
        <line num="123" count="3" type="cond" truecount="2" falsecount="0"/>
        <line num="124" count="2" type="stmt"/>
        <line num="128" count="2" type="stmt"/>
        <line num="136" count="2" type="stmt"/>
        <line num="138" count="1" type="stmt"/>
        <line num="139" count="1" type="stmt"/>
        <line num="146" count="1" type="stmt"/>
        <line num="154" count="373" type="stmt"/>
        <line num="155" count="88" type="stmt"/>
        <line num="156" count="176" type="stmt"/>
        <line num="158" count="176" type="cond" truecount="5" falsecount="0"/>
        <line num="162" count="176" type="stmt"/>
        <line num="164" count="176" type="cond" truecount="2" falsecount="0"/>
        <line num="170" count="176" type="cond" truecount="2" falsecount="0"/>
        <line num="175" count="373" type="cond" truecount="2" falsecount="0"/>
        <line num="176" count="373" type="stmt"/>
        <line num="177" count="88" type="stmt"/>
        <line num="178" count="88" type="stmt"/>
        <line num="181" count="373" type="stmt"/>
        <line num="183" count="373" type="stmt"/>
        <line num="184" count="34" type="cond" truecount="2" falsecount="0"/>
        <line num="185" count="6" type="stmt"/>
        <line num="188" count="373" type="stmt"/>
        <line num="224" count="30" type="stmt"/>
        <line num="242" count="24" type="stmt"/>
        <line num="262" count="90" type="stmt"/>
        <line num="280" count="0" type="stmt"/>
        <line num="297" count="0" type="stmt"/>
        <line num="339" count="54" type="stmt"/>
        <line num="352" count="1119" type="stmt"/>
        <line num="355" count="3" type="stmt"/>
        <line num="368" count="1" type="stmt"/>
        <line num="369" count="1" type="stmt"/>
        <line num="392" count="600" type="stmt"/>
        <line num="393" count="1200" type="stmt"/>
        <line num="395" count="600" type="stmt"/>
        <line num="397" count="600" type="stmt"/>
        <line num="445" count="3" type="stmt"/>
        <line num="455" count="3" type="stmt"/>
        <line num="465" count="8" type="stmt"/>
        <line num="529" count="0" type="stmt"/>
        <line num="551" count="12" type="stmt"/>
        <line num="552" count="8" type="stmt"/>
        <line num="577" count="1" type="stmt"/>
        <line num="603" count="0" type="stmt"/>
        <line num="644" count="35" type="stmt"/>
        <line num="662" count="1" type="stmt"/>
      </file>
      <file name="ModuloCertificados.jsx" path="C:\Users\Usuario\CIAE-frontend\src\components\admin\ModuloCertificados.jsx">
        <metrics statements="123" coveredstatements="115" conditionals="137" coveredconditionals="110" methods="50" coveredmethods="43"/>
        <line num="17" count="6" type="cond" truecount="2" falsecount="0"/>
        <line num="18" count="5" type="stmt"/>
        <line num="19" count="5" type="stmt"/>
        <line num="20" count="5" type="stmt"/>
        <line num="33" count="420" type="stmt"/>
        <line num="34" count="420" type="stmt"/>
        <line num="35" count="420" type="stmt"/>
        <line num="37" count="420" type="stmt"/>
        <line num="38" count="140" type="stmt"/>
        <line num="41" count="420" type="stmt"/>
        <line num="42" count="408" type="stmt"/>
        <line num="43" count="408" type="cond" truecount="1" falsecount="1"/>
        <line num="44" count="0" type="stmt"/>
        <line num="47" count="420" type="stmt"/>
        <line num="49" count="112" type="cond" truecount="4" falsecount="0"/>
        <line num="50" count="56" type="stmt"/>
        <line num="52" count="52" type="stmt"/>
        <line num="53" count="52" type="stmt"/>
        <line num="56" count="420" type="cond" truecount="4" falsecount="0"/>
        <line num="57" count="171" type="stmt"/>
        <line num="67" count="1" type="stmt"/>
        <line num="68" count="1" type="stmt"/>
        <line num="79" count="249" type="stmt"/>
        <line num="93" count="12" type="stmt"/>
        <line num="95" count="0" type="stmt"/>
        <line num="96" count="0" type="stmt"/>
        <line num="102" count="0" type="stmt"/>
        <line num="118" count="26" type="stmt"/>
        <line num="122" count="12" type="stmt"/>
        <line num="123" count="12" type="stmt"/>
        <line num="124" count="12" type="stmt"/>
        <line num="153" count="281" type="stmt"/>
        <line num="154" count="281" type="stmt"/>
        <line num="155" count="281" type="stmt"/>
        <line num="157" count="281" type="stmt"/>
        <line num="158" count="281" type="stmt"/>
        <line num="159" count="281" type="stmt"/>
        <line num="160" count="281" type="stmt"/>
        <line num="162" count="281" type="stmt"/>
        <line num="174" count="9" type="stmt"/>
        <line num="175" count="14" type="stmt"/>
        <line num="176" count="9" type="cond" truecount="2" falsecount="0"/>
        <line num="177" count="1" type="stmt"/>
        <line num="183" count="1" type="stmt"/>
        <line num="185" count="8" type="stmt"/>
        <line num="186" count="8" type="cond" truecount="2" falsecount="0"/>
        <line num="187" count="9" type="stmt"/>
        <line num="198" count="2" type="stmt"/>
        <line num="199" count="2" type="stmt"/>
        <line num="200" count="2" type="stmt"/>
        <line num="201" count="2" type="cond" truecount="1" falsecount="1"/>
        <line num="202" count="2" type="cond" truecount="1" falsecount="1"/>
        <line num="204" count="2" type="stmt"/>
        <line num="209" count="5" type="stmt"/>
        <line num="210" count="5" type="cond" truecount="4" falsecount="0"/>
        <line num="211" count="1" type="stmt"/>
        <line num="212" count="1" type="stmt"/>
        <line num="215" count="4" type="stmt"/>
        <line num="227" count="5" type="cond" truecount="2" falsecount="0"/>
        <line num="230" count="5" type="cond" truecount="2" falsecount="0"/>
        <line num="232" count="5" type="stmt"/>
        <line num="233" count="5" type="stmt"/>
        <line num="238" count="3" type="cond" truecount="2" falsecount="0"/>
        <line num="239" count="2" type="stmt"/>
        <line num="245" count="2" type="stmt"/>
        <line num="246" count="2" type="stmt"/>
        <line num="248" count="1" type="stmt"/>
        <line num="249" count="1" type="cond" truecount="1" falsecount="1"/>
        <line num="252" count="1" type="stmt"/>
        <line num="257" count="3" type="stmt"/>
        <line num="258" count="3" type="stmt"/>
        <line num="271" count="3" type="stmt"/>
        <line num="272" count="3" type="stmt"/>
        <line num="285" count="2" type="stmt"/>
        <line num="286" count="2" type="stmt"/>
        <line num="287" count="2" type="stmt"/>
        <line num="293" count="2" type="cond" truecount="2" falsecount="0"/>
        <line num="294" count="1" type="stmt"/>
        <line num="295" count="1" type="stmt"/>
        <line num="296" count="1" type="stmt"/>
        <line num="297" count="1" type="stmt"/>
        <line num="298" count="1" type="cond" truecount="1" falsecount="1"/>
        <line num="299" count="2" type="stmt"/>
        <line num="300" count="2" type="stmt"/>
        <line num="301" count="2" type="stmt"/>
        <line num="302" count="2" type="stmt"/>
        <line num="304" count="1" type="stmt"/>
        <line num="308" count="281" type="stmt"/>
        <line num="309" count="90" type="stmt"/>
        <line num="310" count="270" type="stmt"/>
        <line num="312" count="270" type="cond" truecount="8" falsecount="0"/>
        <line num="317" count="270" type="stmt"/>
        <line num="319" count="270" type="cond" truecount="3" falsecount="0"/>
        <line num="321" count="270" type="cond" truecount="3" falsecount="0"/>
        <line num="324" count="270" type="cond" truecount="2" falsecount="0"/>
        <line num="332" count="270" type="cond" truecount="2" falsecount="0"/>
        <line num="337" count="281" type="cond" truecount="2" falsecount="0"/>
        <line num="338" count="281" type="stmt"/>
        <line num="339" count="90" type="stmt"/>
        <line num="340" count="90" type="stmt"/>
        <line num="343" count="281" type="stmt"/>
        <line num="345" count="281" type="stmt"/>
        <line num="382" count="32" type="stmt"/>
        <line num="395" count="0" type="cond" truecount="0" falsecount="3"/>
        <line num="399" count="18" type="stmt"/>
        <line num="408" count="90" type="stmt"/>
        <line num="425" count="4" type="stmt"/>
        <line num="427" count="0" type="cond" truecount="0" falsecount="3"/>
        <line num="431" count="8" type="stmt"/>
        <line num="441" count="81" type="stmt"/>
        <line num="465" count="61" type="stmt"/>
        <line num="486" count="2" type="stmt"/>
        <line num="497" count="0" type="stmt"/>
        <line num="527" count="0" type="stmt"/>
        <line num="571" count="60" type="stmt"/>
        <line num="584" count="1124" type="stmt"/>
        <line num="587" count="3" type="stmt"/>
        <line num="600" count="1" type="stmt"/>
        <line num="601" count="1" type="stmt"/>
        <line num="625" count="671" type="cond" truecount="3" falsecount="0"/>
        <line num="628" count="671" type="stmt"/>
        <line num="687" count="3" type="stmt"/>
        <line num="695" count="2" type="stmt"/>
      </file>
      <file name="ModuloCursos.jsx" path="C:\Users\Usuario\CIAE-frontend\src\components\admin\ModuloCursos.jsx">
        <metrics statements="57" coveredstatements="55" conditionals="71" coveredconditionals="61" methods="26" coveredmethods="24"/>
        <line num="22" count="203" type="stmt"/>
        <line num="23" count="203" type="stmt"/>
        <line num="24" count="203" type="stmt"/>
        <line num="25" count="203" type="stmt"/>
        <line num="27" count="203" type="stmt"/>
        <line num="28" count="203" type="stmt"/>
        <line num="30" count="203" type="stmt"/>
        <line num="39" count="4" type="stmt"/>
        <line num="40" count="4" type="stmt"/>
        <line num="50" count="4" type="cond" truecount="2" falsecount="0"/>
        <line num="53" count="4" type="cond" truecount="2" falsecount="0"/>
        <line num="55" count="4" type="stmt"/>
        <line num="56" count="4" type="stmt"/>
        <line num="61" count="3" type="cond" truecount="2" falsecount="0"/>
        <line num="62" count="2" type="stmt"/>
        <line num="68" count="2" type="stmt"/>
        <line num="69" count="2" type="stmt"/>
        <line num="71" count="1" type="stmt"/>
        <line num="72" count="1" type="cond" truecount="1" falsecount="1"/>
        <line num="75" count="1" type="stmt"/>
        <line num="80" count="3" type="stmt"/>
        <line num="81" count="3" type="stmt"/>
        <line num="91" count="3" type="stmt"/>
        <line num="92" count="3" type="stmt"/>
        <line num="101" count="203" type="stmt"/>
        <line num="102" count="71" type="stmt"/>
        <line num="103" count="253" type="stmt"/>
        <line num="105" count="253" type="cond" truecount="3" falsecount="0"/>
        <line num="108" count="253" type="cond" truecount="2" falsecount="0"/>
        <line num="113" count="253" type="cond" truecount="2" falsecount="0"/>
        <line num="118" count="203" type="cond" truecount="2" falsecount="0"/>
        <line num="119" count="203" type="stmt"/>
        <line num="120" count="74" type="stmt"/>
        <line num="121" count="74" type="stmt"/>
        <line num="124" count="203" type="stmt"/>
        <line num="126" count="203" type="stmt"/>
        <line num="127" count="30" type="cond" truecount="2" falsecount="0"/>
        <line num="128" count="8" type="stmt"/>
        <line num="131" count="203" type="stmt"/>
        <line num="167" count="54" type="stmt"/>
        <line num="185" count="0" type="stmt"/>
        <line num="205" count="3" type="stmt"/>
        <line num="217" count="1" type="stmt"/>
        <line num="243" count="0" type="stmt"/>
        <line num="287" count="43" type="stmt"/>
        <line num="300" count="609" type="stmt"/>
        <line num="303" count="3" type="stmt"/>
        <line num="316" count="1" type="stmt"/>
        <line num="317" count="1" type="stmt"/>
        <line num="340" count="448" type="stmt"/>
        <line num="341" count="732" type="stmt"/>
        <line num="343" count="448" type="stmt"/>
        <line num="387" count="4" type="stmt"/>
        <line num="397" count="3" type="stmt"/>
        <line num="441" count="1" type="stmt"/>
        <line num="464" count="12" type="stmt"/>
        <line num="488" count="1" type="stmt"/>
      </file>
      <file name="Paginacion.jsx" path="C:\Users\Usuario\CIAE-frontend\src\components\admin\Paginacion.jsx">
        <metrics statements="9" coveredstatements="9" conditionals="7" coveredconditionals="7" methods="6" coveredmethods="6"/>
        <line num="11" count="657" type="cond" truecount="2" falsecount="0"/>
        <line num="13" count="606" type="stmt"/>
        <line num="14" count="606" type="stmt"/>
        <line num="16" count="606" type="stmt"/>
        <line num="31" count="1" type="stmt"/>
        <line num="39" count="644" type="stmt"/>
        <line num="40" count="644" type="stmt"/>
        <line num="43" count="3" type="stmt"/>
        <line num="59" count="1" type="stmt"/>
      </file>
    </package>
    <package name="pages">
      <metrics statements="205" coveredstatements="198" conditionals="211" coveredconditionals="198" methods="64" coveredmethods="60"/>
      <file name="Contact.jsx" path="C:\Users\Usuario\CIAE-frontend\src\pages\Contact.jsx">
        <metrics statements="7" coveredstatements="7" conditionals="0" coveredconditionals="0" methods="2" coveredmethods="2"/>
        <line num="5" count="8" type="stmt"/>
        <line num="8" count="8" type="stmt"/>
        <line num="11" count="8" type="stmt"/>
        <line num="17" count="2" type="stmt"/>
        <line num="18" count="2" type="stmt"/>
        <line num="19" count="2" type="stmt"/>
        <line num="22" count="8" type="stmt"/>
      </file>
      <file name="Login.jsx" path="C:\Users\Usuario\CIAE-frontend\src\pages\Login.jsx">
        <metrics statements="35" coveredstatements="35" conditionals="16" coveredconditionals="16" methods="9" coveredmethods="9"/>
        <line num="15" count="197" type="stmt"/>
        <line num="16" count="197" type="stmt"/>
        <line num="17" count="197" type="stmt"/>
        <line num="18" count="197" type="stmt"/>
        <line num="19" count="197" type="stmt"/>
        <line num="20" count="197" type="stmt"/>
        <line num="21" count="197" type="stmt"/>
        <line num="22" count="197" type="stmt"/>
        <line num="23" count="197" type="stmt"/>
        <line num="26" count="5" type="stmt"/>
        <line num="27" count="5" type="stmt"/>
        <line num="28" count="5" type="stmt"/>
        <line num="30" count="5" type="stmt"/>
        <line num="31" count="5" type="stmt"/>
        <line num="32" count="5" type="stmt"/>
        <line num="34" count="5" type="stmt"/>
        <line num="35" count="5" type="stmt"/>
        <line num="41" count="4" type="cond" truecount="2" falsecount="0"/>
        <line num="42" count="1" type="stmt"/>
        <line num="43" count="1" type="stmt"/>
        <line num="46" count="3" type="stmt"/>
        <line num="47" count="3" type="stmt"/>
        <line num="48" count="3" type="stmt"/>
        <line num="50" count="1" type="stmt"/>
        <line num="52" count="5" type="stmt"/>
        <line num="57" count="1" type="stmt"/>
        <line num="58" count="1" type="stmt"/>
        <line num="61" count="197" type="stmt"/>
        <line num="121" count="84" type="stmt"/>
        <line num="136" count="67" type="stmt"/>
        <line num="143" count="2" type="stmt"/>
        <line num="157" count="3" type="stmt"/>
        <line num="179" count="1" type="stmt"/>
        <line num="180" count="1" type="stmt"/>
        <line num="201" count="18" type="stmt"/>
      </file>
      <file name="Registro.jsx" path="C:\Users\Usuario\CIAE-frontend\src\pages\Registro.jsx">
        <metrics statements="72" coveredstatements="70" conditionals="56" coveredconditionals="52" methods="35" coveredmethods="33"/>
        <line num="7" count="1" type="stmt"/>
        <line num="10" count="12" type="stmt"/>
        <line num="11" count="1" type="stmt"/>
        <line num="16" count="30" type="stmt"/>
        <line num="17" count="30" type="cond" truecount="2" falsecount="0"/>
        <line num="18" count="28" type="stmt"/>
        <line num="28" count="26" type="cond" truecount="4" falsecount="0"/>
        <line num="29" count="2" type="stmt"/>
        <line num="30" count="2" type="stmt"/>
        <line num="31" count="2" type="cond" truecount="1" falsecount="1"/>
        <line num="35" count="26" type="stmt"/>
        <line num="36" count="26" type="stmt"/>
        <line num="48" count="1" type="stmt"/>
        <line num="51" count="6056" type="stmt"/>
        <line num="61" count="764" type="stmt"/>
        <line num="73" count="764" type="stmt"/>
        <line num="74" count="764" type="stmt"/>
        <line num="76" count="764" type="stmt"/>
        <line num="78" count="764" type="stmt"/>
        <line num="79" count="13" type="cond" truecount="2" falsecount="0"/>
        <line num="81" count="12" type="cond" truecount="2" falsecount="0"/>
        <line num="82" count="1" type="stmt"/>
        <line num="83" count="11" type="cond" truecount="2" falsecount="0"/>
        <line num="84" count="10" type="cond" truecount="1" falsecount="1"/>
        <line num="85" count="10" type="cond" truecount="1" falsecount="1"/>
        <line num="86" count="10" type="cond" truecount="4" falsecount="0"/>
        <line num="87" count="1" type="stmt"/>
        <line num="88" count="9" type="cond" truecount="4" falsecount="0"/>
        <line num="89" count="2" type="stmt"/>
        <line num="90" count="7" type="cond" truecount="1" falsecount="1"/>
        <line num="91" count="7" type="stmt"/>
        <line num="94" count="764" type="stmt"/>
        <line num="95" count="13" type="stmt"/>
        <line num="96" count="13" type="stmt"/>
        <line num="97" count="13" type="cond" truecount="2" falsecount="0"/>
        <line num="98" count="6" type="stmt"/>
        <line num="99" count="6" type="stmt"/>
        <line num="101" count="7" type="stmt"/>
        <line num="104" count="7" type="stmt"/>
        <line num="107" count="7" type="stmt"/>
        <line num="109" count="7" type="stmt"/>
        <line num="110" count="7" type="stmt"/>
        <line num="116" count="764" type="cond" truecount="2" falsecount="0"/>
        <line num="117" count="7" type="stmt"/>
        <line num="149" count="757" type="stmt"/>
        <line num="165" count="143" type="stmt"/>
        <line num="174" count="119" type="stmt"/>
        <line num="182" count="0" type="stmt"/>
        <line num="190" count="161" type="stmt"/>
        <line num="199" count="12" type="stmt"/>
        <line num="209" count="2" type="stmt"/>
        <line num="218" count="1" type="stmt"/>
        <line num="228" count="159" type="stmt"/>
        <line num="236" count="10" type="stmt"/>
        <line num="244" count="130" type="stmt"/>
        <line num="275" count="32" type="stmt"/>
        <line num="276" count="32" type="stmt"/>
        <line num="278" count="32" type="stmt"/>
        <line num="293" count="28" type="stmt"/>
        <line num="308" count="11" type="stmt"/>
        <line num="326" count="49" type="stmt"/>
        <line num="327" count="49" type="stmt"/>
        <line num="328" count="49" type="stmt"/>
        <line num="330" count="49" type="stmt"/>
        <line num="331" count="49" type="stmt"/>
        <line num="333" count="49" type="stmt"/>
        <line num="340" count="4" type="stmt"/>
        <line num="346" count="14" type="stmt"/>
        <line num="366" count="0" type="stmt"/>
        <line num="386" count="15" type="stmt"/>
        <line num="406" count="6" type="stmt"/>
        <line num="410" count="1" type="stmt"/>
      </file>
      <file name="Validacion.jsx" path="C:\Users\Usuario\CIAE-frontend\src\pages\Validacion.jsx">
        <metrics statements="66" coveredstatements="61" conditionals="95" coveredconditionals="89" methods="14" coveredmethods="12"/>
        <line num="22" count="6" type="cond" truecount="1" falsecount="1"/>
        <line num="23" count="6" type="stmt"/>
        <line num="24" count="6" type="cond" truecount="1" falsecount="1"/>
        <line num="25" count="6" type="stmt"/>
        <line num="26" count="6" type="stmt"/>
        <line num="30" count="136" type="stmt"/>
        <line num="31" count="136" type="stmt"/>
        <line num="32" count="136" type="stmt"/>
        <line num="34" count="136" type="stmt"/>
        <line num="35" count="136" type="stmt"/>
        <line num="36" count="136" type="stmt"/>
        <line num="38" count="136" type="stmt"/>
        <line num="39" count="136" type="stmt"/>
        <line num="40" count="136" type="stmt"/>
        <line num="42" count="136" type="stmt"/>
        <line num="43" count="136" type="stmt"/>
        <line num="45" count="136" type="stmt"/>
        <line num="47" count="2" type="stmt"/>
        <line num="48" count="2" type="stmt"/>
        <line num="51" count="1" type="stmt"/>
        <line num="52" count="1" type="cond" truecount="1" falsecount="1"/>
        <line num="53" count="1" type="stmt"/>
        <line num="55" count="1" type="stmt"/>
        <line num="57" count="1" type="stmt"/>
        <line num="64" count="26" type="cond" truecount="2" falsecount="0"/>
        <line num="65" count="1" type="stmt"/>
        <line num="66" count="1" type="stmt"/>
        <line num="70" count="14" type="cond" truecount="2" falsecount="0"/>
        <line num="71" count="2" type="stmt"/>
        <line num="73" count="12" type="stmt"/>
        <line num="76" count="14" type="stmt"/>
        <line num="80" count="7" type="stmt"/>
        <line num="81" count="7" type="stmt"/>
        <line num="82" count="7" type="cond" truecount="2" falsecount="0"/>
        <line num="84" count="6" type="stmt"/>
        <line num="85" count="6" type="stmt"/>
        <line num="86" count="6" type="stmt"/>
        <line num="88" count="6" type="stmt"/>
        <line num="89" count="6" type="stmt"/>
        <line num="90" count="6" type="stmt"/>
        <line num="91" count="6" type="stmt"/>
        <line num="93" count="6" type="cond" truecount="2" falsecount="0"/>
        <line num="94" count="1" type="stmt"/>
        <line num="99" count="5" type="stmt"/>
        <line num="101" count="1" type="stmt"/>
        <line num="103" count="6" type="stmt"/>
        <line num="107" count="136" type="stmt"/>
        <line num="108" count="136" type="cond" truecount="2" falsecount="0"/>
        <line num="109" count="136" type="cond" truecount="2" falsecount="0"/>
        <line num="111" count="136" type="stmt"/>
        <line num="139" count="0" type="stmt"/>
        <line num="140" count="0" type="stmt"/>
        <line num="159" count="2" type="stmt"/>
        <line num="160" count="2" type="stmt"/>
        <line num="189" count="0" type="stmt"/>
        <line num="190" count="0" type="stmt"/>
        <line num="191" count="0" type="stmt"/>
        <line num="206" count="2" type="stmt"/>
        <line num="207" count="2" type="stmt"/>
        <line num="208" count="2" type="stmt"/>
        <line num="238" count="106" type="stmt"/>
        <line num="405" count="4" type="stmt"/>
        <line num="406" count="4" type="stmt"/>
        <line num="407" count="4" type="cond" truecount="3" falsecount="0"/>
        <line num="409" count="4" type="cond" truecount="3" falsecount="0"/>
        <line num="411" count="4" type="stmt"/>
      </file>
      <file name="ValidarToken.jsx" path="C:\Users\Usuario\CIAE-frontend\src\pages\ValidarToken.jsx">
        <metrics statements="25" coveredstatements="25" conditionals="44" coveredconditionals="41" methods="4" coveredmethods="4"/>
        <line num="19" count="7" type="cond" truecount="2" falsecount="0"/>
        <line num="20" count="6" type="stmt"/>
        <line num="21" count="6" type="cond" truecount="1" falsecount="1"/>
        <line num="22" count="6" type="stmt"/>
        <line num="23" count="6" type="stmt"/>
        <line num="27" count="15" type="stmt"/>
        <line num="28" count="15" type="stmt"/>
        <line num="29" count="15" type="stmt"/>
        <line num="30" count="15" type="stmt"/>
        <line num="32" count="15" type="stmt"/>
        <line num="34" count="8" type="stmt"/>
        <line num="35" count="8" type="stmt"/>
        <line num="36" count="6" type="stmt"/>
        <line num="37" count="6" type="cond" truecount="2" falsecount="0"/>
        <line num="38" count="1" type="cond" truecount="1" falsecount="1"/>
        <line num="39" count="5" type="stmt"/>
        <line num="41" count="2" type="stmt"/>
        <line num="43" count="7" type="stmt"/>
        <line num="46" count="8" type="stmt"/>
        <line num="49" count="15" type="cond" truecount="2" falsecount="0"/>
        <line num="50" count="8" type="stmt"/>
        <line num="61" count="7" type="cond" truecount="2" falsecount="0"/>
        <line num="64" count="15" type="cond" truecount="3" falsecount="0"/>
        <line num="67" count="15" type="cond" truecount="3" falsecount="0"/>
        <line num="69" count="15" type="stmt"/>
      </file>
    </package>
  </project>
</coverage>
