{
  "C:\\Users\\Usuario\\CIAE-frontend\\src\\components\\Navbar.jsx": {
    "path": "C:\\Users\\Usuario\\CIAE-frontend\\src\\components\\Navbar.jsx",
    "statementMap": {
      "0": {
        "start": { "line": 16, "column": 34 },
        "end": { "line": 16, "column": null }
      },
      "1": {
        "start": { "line": 17, "column": 19 },
        "end": { "line": 17, "column": 31 }
      },
      "2": {
        "start": { "line": 20, "column": 4 },
        "end": { "line": 20, "column": null }
      },
      "3": {
        "start": { "line": 22, "column": 8 },
        "end": { "line": 26, "column": null }
      },
      "4": {
        "start": { "line": 23, "column": 4 },
        "end": { "line": 23, "column": null }
      },
      "5": {
        "start": { "line": 24, "column": 4 },
        "end": { "line": 24, "column": null }
      },
      "6": {
        "start": { "line": 25, "column": 4 },
        "end": { "line": 25, "column": null }
      },
      "7": {
        "start": { "line": 28, "column": 20 },
        "end": { "line": 36, "column": null }
      },
      "8": {
        "start": { "line": 38, "column": 2 },
        "end": { "line": 207, "column": null }
      },
      "9": {
        "start": { "line": 59, "column": 16 },
        "end": { "line": 66, "column": null }
      },
      "10": {
        "start": { "line": 102, "column": 27 },
        "end": { "line": 102, "column": null }
      },
      "11": {
        "start": { "line": 116, "column": 25 },
        "end": { "line": 116, "column": null }
      },
      "12": {
        "start": { "line": 141, "column": 27 },
        "end": { "line": 141, "column": null }
      },
      "13": {
        "start": { "line": 152, "column": 27 },
        "end": { "line": 152, "column": null }
      },
      "14": {
        "start": { "line": 153, "column": 14 },
        "end": { "line": 166, "column": null }
      },
      "15": {
        "start": { "line": 157, "column": 35 },
        "end": { "line": 157, "column": null }
      },
      "16": {
        "start": { "line": 175, "column": 35 },
        "end": { "line": 175, "column": null }
      },
      "17": {
        "start": { "line": 196, "column": 33 },
        "end": { "line": 196, "column": null }
      }
    },
    "fnMap": {
      "0": {
        "name": "Navbar",
        "decl": {
          "start": { "line": 15, "column": 24 },
          "end": { "line": 15, "column": 33 }
        },
        "loc": {
          "start": { "line": 15, "column": 33 },
          "end": { "line": 209, "column": null }
        },
        "line": 15
      },
      "1": {
        "name": "(anonymous_1)",
        "decl": {
          "start": { "line": 22, "column": 8 },
          "end": { "line": 22, "column": 29 }
        },
        "loc": {
          "start": { "line": 22, "column": 29 },
          "end": { "line": 26, "column": null }
        },
        "line": 22
      },
      "2": {
        "name": "(anonymous_2)",
        "decl": {
          "start": { "line": 58, "column": 25 },
          "end": { "line": 58, "column": 30 }
        },
        "loc": {
          "start": { "line": 59, "column": 16 },
          "end": { "line": 66, "column": null }
        },
        "line": 59
      },
      "3": {
        "name": "(anonymous_3)",
        "decl": {
          "start": { "line": 102, "column": 12 },
          "end": { "line": 102, "column": 27 }
        },
        "loc": {
          "start": { "line": 102, "column": 27 },
          "end": { "line": 102, "column": null }
        },
        "line": 102
      },
      "4": {
        "name": "(anonymous_4)",
        "decl": {
          "start": { "line": 116, "column": 10 },
          "end": { "line": 116, "column": 25 }
        },
        "loc": {
          "start": { "line": 116, "column": 25 },
          "end": { "line": 116, "column": null }
        },
        "line": 116
      },
      "5": {
        "name": "(anonymous_5)",
        "decl": {
          "start": { "line": 141, "column": 12 },
          "end": { "line": 141, "column": 27 }
        },
        "loc": {
          "start": { "line": 141, "column": 27 },
          "end": { "line": 141, "column": null }
        },
        "line": 141
      },
      "6": {
        "name": "(anonymous_6)",
        "decl": {
          "start": { "line": 151, "column": 23 },
          "end": { "line": 151, "column": 28 }
        },
        "loc": {
          "start": { "line": 151, "column": 37 },
          "end": { "line": 168, "column": 13 }
        },
        "line": 151
      },
      "7": {
        "name": "(anonymous_7)",
        "decl": {
          "start": { "line": 157, "column": 20 },
          "end": { "line": 157, "column": 35 }
        },
        "loc": {
          "start": { "line": 157, "column": 35 },
          "end": { "line": 157, "column": null }
        },
        "line": 157
      },
      "8": {
        "name": "(anonymous_8)",
        "decl": {
          "start": { "line": 175, "column": 20 },
          "end": { "line": 175, "column": 35 }
        },
        "loc": {
          "start": { "line": 175, "column": 35 },
          "end": { "line": 175, "column": null }
        },
        "line": 175
      },
      "9": {
        "name": "(anonymous_9)",
        "decl": {
          "start": { "line": 196, "column": 18 },
          "end": { "line": 196, "column": 33 }
        },
        "loc": {
          "start": { "line": 196, "column": 33 },
          "end": { "line": 196, "column": null }
        },
        "line": 196
      }
    },
    "branchMap": {
      "0": {
        "loc": {
          "start": { "line": 20, "column": 4 },
          "end": { "line": 20, "column": null }
        },
        "type": "cond-expr",
        "locations": [
          {
            "start": { "line": 20, "column": 36 },
            "end": { "line": 20, "column": 73 }
          },
          {
            "start": { "line": 20, "column": 73 },
            "end": { "line": 20, "column": null }
          }
        ],
        "line": 20
      },
      "1": {
        "loc": {
          "start": { "line": 70, "column": 13 },
          "end": { "line": 97, "column": null }
        },
        "type": "cond-expr",
        "locations": [
          {
            "start": { "line": 71, "column": 14 },
            "end": { "line": 89, "column": 15 }
          },
          {
            "start": { "line": 89, "column": 14 },
            "end": { "line": 97, "column": null }
          }
        ],
        "line": 70
      },
      "2": {
        "loc": {
          "start": { "line": 114, "column": 7 },
          "end": { "line": 119, "column": null }
        },
        "type": "binary-expr",
        "locations": [
          {
            "start": { "line": 114, "column": 7 },
            "end": { "line": 114, "column": null }
          },
          {
            "start": { "line": 115, "column": 8 },
            "end": { "line": 119, "column": null }
          }
        ],
        "line": 114
      },
      "3": {
        "loc": {
          "start": { "line": 130, "column": 12 },
          "end": { "line": 130, "column": null }
        },
        "type": "cond-expr",
        "locations": [
          {
            "start": { "line": 130, "column": 23 },
            "end": { "line": 130, "column": 41 }
          },
          {
            "start": { "line": 130, "column": 41 },
            "end": { "line": 130, "column": null }
          }
        ],
        "line": 130
      },
      "4": {
        "loc": {
          "start": { "line": 171, "column": 15 },
          "end": { "line": 201, "column": null }
        },
        "type": "cond-expr",
        "locations": [
          {
            "start": { "line": 172, "column": 16 },
            "end": { "line": 194, "column": 17 }
          },
          {
            "start": { "line": 194, "column": 16 },
            "end": { "line": 201, "column": null }
          }
        ],
        "line": 171
      }
    },
    "s": {
      "0": 12,
      "1": 12,
      "2": 12,
      "3": 12,
      "4": 1,
      "5": 1,
      "6": 1,
      "7": 12,
      "8": 12,
      "9": 36,
      "10": 2,
      "11": 0,
      "12": 1,
      "13": 36,
      "14": 36,
      "15": 0,
      "16": 0,
      "17": 0
    },
    "f": {
      "0": 12,
      "1": 1,
      "2": 36,
      "3": 2,
      "4": 0,
      "5": 1,
      "6": 36,
      "7": 0,
      "8": 0,
      "9": 0
    },
    "b": { "0": [12, 0], "1": [3, 9], "2": [12, 2], "3": [2, 10], "4": [3, 9] },
    "meta": {
      "lastBranch": 5,
      "lastFunction": 10,
      "lastStatement": 18,
      "seen": {
        "f:15:24:15:33": 0,
        "s:16:34:16:Infinity": 0,
        "s:17:19:17:31": 1,
        "s:20:4:20:Infinity": 2,
        "b:20:36:20:73:20:73:20:Infinity": 0,
        "s:22:8:26:Infinity": 3,
        "f:22:8:22:29": 1,
        "s:23:4:23:Infinity": 4,
        "s:24:4:24:Infinity": 5,
        "s:25:4:25:Infinity": 6,
        "s:28:20:36:Infinity": 7,
        "s:38:2:207:Infinity": 8,
        "f:58:25:58:30": 2,
        "s:59:16:66:Infinity": 9,
        "b:71:14:89:15:89:14:97:Infinity": 1,
        "f:102:12:102:27": 3,
        "s:102:27:102:Infinity": 10,
        "b:114:7:114:Infinity:115:8:119:Infinity": 2,
        "f:116:10:116:25": 4,
        "s:116:25:116:Infinity": 11,
        "b:130:23:130:41:130:41:130:Infinity": 3,
        "f:141:12:141:27": 5,
        "s:141:27:141:Infinity": 12,
        "f:151:23:151:28": 6,
        "s:152:27:152:Infinity": 13,
        "s:153:14:166:Infinity": 14,
        "f:157:20:157:35": 7,
        "s:157:35:157:Infinity": 15,
        "b:172:16:194:17:194:16:201:Infinity": 4,
        "f:175:20:175:35": 8,
        "s:175:35:175:Infinity": 16,
        "f:196:18:196:33": 9,
        "s:196:33:196:Infinity": 17
      },
      "fnNames": {}
    }
  },
  "C:\\Users\\Usuario\\CIAE-frontend\\src\\components\\RutaProtegida.jsx": {
    "path": "C:\\Users\\Usuario\\CIAE-frontend\\src\\components\\RutaProtegida.jsx",
    "statementMap": {
      "0": {
        "start": { "line": 4, "column": 16 },
        "end": { "line": 4, "column": null }
      },
      "1": {
        "start": { "line": 5, "column": 2 },
        "end": { "line": 7, "column": null }
      },
      "2": {
        "start": { "line": 6, "column": 4 },
        "end": { "line": 6, "column": null }
      },
      "3": {
        "start": { "line": 8, "column": 2 },
        "end": { "line": 8, "column": null }
      }
    },
    "fnMap": {
      "0": {
        "name": "RutaProtegida",
        "decl": {
          "start": { "line": 3, "column": 9 },
          "end": { "line": 3, "column": 23 }
        },
        "loc": {
          "start": { "line": 3, "column": 37 },
          "end": { "line": 9, "column": null }
        },
        "line": 3
      }
    },
    "branchMap": {
      "0": {
        "loc": {
          "start": { "line": 5, "column": 2 },
          "end": { "line": 7, "column": null }
        },
        "type": "if",
        "locations": [
          {
            "start": { "line": 5, "column": 2 },
            "end": { "line": 7, "column": null }
          },
          { "start": {}, "end": {} }
        ],
        "line": 5
      }
    },
    "s": { "0": 4, "1": 4, "2": 2, "3": 2 },
    "f": { "0": 4 },
    "b": { "0": [2, 2] },
    "meta": {
      "lastBranch": 1,
      "lastFunction": 1,
      "lastStatement": 4,
      "seen": {
        "f:3:9:3:23": 0,
        "s:4:16:4:Infinity": 0,
        "b:5:2:7:Infinity:undefined:undefined:undefined:undefined": 0,
        "s:5:2:7:Infinity": 1,
        "s:6:4:6:Infinity": 2,
        "s:8:2:8:Infinity": 3
      },
      "fnNames": {}
    }
  },
  "C:\\Users\\Usuario\\CIAE-frontend\\src\\components\\RutaPublica.jsx": {
    "path": "C:\\Users\\Usuario\\CIAE-frontend\\src\\components\\RutaPublica.jsx",
    "statementMap": {
      "0": {
        "start": { "line": 5, "column": 16 },
        "end": { "line": 5, "column": null }
      },
      "1": {
        "start": { "line": 8, "column": 2 },
        "end": { "line": 10, "column": null }
      },
      "2": {
        "start": { "line": 9, "column": 4 },
        "end": { "line": 9, "column": null }
      },
      "3": {
        "start": { "line": 12, "column": 2 },
        "end": { "line": 12, "column": null }
      }
    },
    "fnMap": {
      "0": {
        "name": "RutaPublica",
        "decl": {
          "start": { "line": 4, "column": 9 },
          "end": { "line": 4, "column": 21 }
        },
        "loc": {
          "start": { "line": 4, "column": 35 },
          "end": { "line": 13, "column": null }
        },
        "line": 4
      }
    },
    "branchMap": {
      "0": {
        "loc": {
          "start": { "line": 8, "column": 2 },
          "end": { "line": 10, "column": null }
        },
        "type": "if",
        "locations": [
          {
            "start": { "line": 8, "column": 2 },
            "end": { "line": 10, "column": null }
          },
          { "start": {}, "end": {} }
        ],
        "line": 8
      }
    },
    "s": { "0": 4, "1": 4, "2": 2, "3": 2 },
    "f": { "0": 4 },
    "b": { "0": [2, 2] },
    "meta": {
      "lastBranch": 1,
      "lastFunction": 1,
      "lastStatement": 4,
      "seen": {
        "f:4:9:4:21": 0,
        "s:5:16:5:Infinity": 0,
        "b:8:2:10:Infinity:undefined:undefined:undefined:undefined": 0,
        "s:8:2:10:Infinity": 1,
        "s:9:4:9:Infinity": 2,
        "s:12:2:12:Infinity": 3
      },
      "fnNames": {}
    }
  },
  "C:\\Users\\Usuario\\CIAE-frontend\\src\\components\\admin\\ModuloAlumnos.jsx": {
    "path": "C:\\Users\\Usuario\\CIAE-frontend\\src\\components\\admin\\ModuloAlumnos.jsx",
    "statementMap": {
      "0": {
        "start": { "line": 25, "column": 29 },
        "end": { "line": 25, "column": null }
      },
      "1": {
        "start": { "line": 26, "column": 34 },
        "end": { "line": 26, "column": null }
      },
      "2": {
        "start": { "line": 27, "column": 42 },
        "end": { "line": 27, "column": null }
      },
      "3": {
        "start": { "line": 28, "column": 42 },
        "end": { "line": 28, "column": null }
      },
      "4": {
        "start": { "line": 30, "column": 38 },
        "end": { "line": 30, "column": null }
      },
      "5": {
        "start": { "line": 31, "column": 52 },
        "end": { "line": 31, "column": null }
      },
      "6": {
        "start": { "line": 33, "column": 50 },
        "end": { "line": 40, "column": null }
      },
      "7": {
        "start": { "line": 42, "column": 26 },
        "end": { "line": 48, "column": null }
      },
      "8": {
        "start": { "line": 51, "column": 4 },
        "end": { "line": 51, "column": null }
      },
      "9": {
        "start": { "line": 52, "column": 17 },
        "end": { "line": 57, "column": null }
      },
      "10": {
        "start": { "line": 59, "column": 21 },
        "end": { "line": 61, "column": null }
      },
      "11": {
        "start": { "line": 62, "column": 19 },
        "end": { "line": 62, "column": null }
      },
      "12": {
        "start": { "line": 64, "column": 4 },
        "end": { "line": 85, "column": null }
      },
      "13": {
        "start": { "line": 65, "column": 18 },
        "end": { "line": 69, "column": null }
      },
      "14": {
        "start": { "line": 70, "column": 6 },
        "end": { "line": 82, "column": null }
      },
      "15": {
        "start": { "line": 71, "column": 8 },
        "end": { "line": 76, "column": null }
      },
      "16": {
        "start": { "line": 77, "column": 8 },
        "end": { "line": 77, "column": null }
      },
      "17": {
        "start": { "line": 78, "column": 8 },
        "end": { "line": 78, "column": null }
      },
      "18": {
        "start": { "line": 80, "column": 20 },
        "end": { "line": 80, "column": null }
      },
      "19": {
        "start": { "line": 81, "column": 8 },
        "end": { "line": 81, "column": null }
      },
      "20": {
        "start": { "line": 84, "column": 6 },
        "end": { "line": 84, "column": null }
      },
      "21": {
        "start": { "line": 89, "column": 4 },
        "end": { "line": 89, "column": null }
      },
      "22": {
        "start": { "line": 90, "column": 4 },
        "end": { "line": 96, "column": null }
      },
      "23": {
        "start": { "line": 100, "column": 4 },
        "end": { "line": 100, "column": null }
      },
      "24": {
        "start": { "line": 101, "column": 4 },
        "end": { "line": 101, "column": null }
      },
      "25": {
        "start": { "line": 105, "column": 4 },
        "end": { "line": 105, "column": null }
      },
      "26": {
        "start": { "line": 106, "column": 46 },
        "end": { "line": 106, "column": null }
      },
      "27": {
        "start": { "line": 107, "column": 4 },
        "end": { "line": 113, "column": null }
      },
      "28": {
        "start": { "line": 108, "column": 6 },
        "end": { "line": 111, "column": null }
      },
      "29": {
        "start": { "line": 108, "column": 37 },
        "end": { "line": 111, "column": 8 }
      },
      "30": {
        "start": { "line": 112, "column": 6 },
        "end": { "line": 112, "column": null }
      },
      "31": {
        "start": { "line": 115, "column": 4 },
        "end": { "line": 115, "column": null }
      },
      "32": {
        "start": { "line": 115, "column": 35 },
        "end": { "line": 115, "column": 74 }
      },
      "33": {
        "start": { "line": 117, "column": 4 },
        "end": { "line": 151, "column": null }
      },
      "34": {
        "start": { "line": 118, "column": 18 },
        "end": { "line": 122, "column": null }
      },
      "35": {
        "start": { "line": 123, "column": 6 },
        "end": { "line": 144, "column": null }
      },
      "36": {
        "start": { "line": 124, "column": 8 },
        "end": { "line": 127, "column": null }
      },
      "37": {
        "start": { "line": 128, "column": 8 },
        "end": { "line": 135, "column": null }
      },
      "38": {
        "start": { "line": 136, "column": 8 },
        "end": { "line": 136, "column": null }
      },
      "39": {
        "start": { "line": 138, "column": 20 },
        "end": { "line": 138, "column": null }
      },
      "40": {
        "start": { "line": 139, "column": 8 },
        "end": { "line": 143, "column": null }
      },
      "41": {
        "start": { "line": 139, "column": 39 },
        "end": { "line": 143, "column": 10 }
      },
      "42": {
        "start": { "line": 146, "column": 6 },
        "end": { "line": 150, "column": null }
      },
      "43": {
        "start": { "line": 146, "column": 37 },
        "end": { "line": 150, "column": 8 }
      },
      "44": {
        "start": { "line": 154, "column": 27 },
        "end": { "line": 172, "column": null }
      },
      "45": {
        "start": { "line": 155, "column": 4 },
        "end": { "line": 171, "column": null }
      },
      "46": {
        "start": { "line": 156, "column": 16 },
        "end": { "line": 156, "column": null }
      },
      "47": {
        "start": { "line": 158, "column": 8 },
        "end": { "line": 160, "column": null }
      },
      "48": {
        "start": { "line": 162, "column": 21 },
        "end": { "line": 162, "column": null }
      },
      "49": {
        "start": { "line": 164, "column": 8 },
        "end": { "line": 168, "column": null }
      },
      "50": {
        "start": { "line": 170, "column": 6 },
        "end": { "line": 170, "column": null }
      },
      "51": {
        "start": { "line": 175, "column": 4 },
        "end": { "line": 175, "column": null }
      },
      "52": {
        "start": { "line": 176, "column": 27 },
        "end": { "line": 179, "column": null }
      },
      "53": {
        "start": { "line": 177, "column": 10 },
        "end": { "line": 177, "column": null }
      },
      "54": {
        "start": { "line": 178, "column": 4 },
        "end": { "line": 178, "column": null }
      },
      "55": {
        "start": { "line": 181, "column": 2 },
        "end": { "line": 181, "column": null }
      },
      "56": {
        "start": { "line": 181, "column": 18 },
        "end": { "line": 181, "column": 38 }
      },
      "57": {
        "start": { "line": 183, "column": 26 },
        "end": { "line": 186, "column": null }
      },
      "58": {
        "start": { "line": 184, "column": 4 },
        "end": { "line": 184, "column": null }
      },
      "59": {
        "start": { "line": 184, "column": 28 },
        "end": { "line": 184, "column": null }
      },
      "60": {
        "start": { "line": 185, "column": 4 },
        "end": { "line": 185, "column": null }
      },
      "61": {
        "start": { "line": 185, "column": 38 },
        "end": { "line": 185, "column": 74 }
      },
      "62": {
        "start": { "line": 188, "column": 2 },
        "end": { "line": 691, "column": null }
      },
      "63": {
        "start": { "line": 224, "column": 31 },
        "end": { "line": 224, "column": null }
      },
      "64": {
        "start": { "line": 242, "column": 31 },
        "end": { "line": 242, "column": null }
      },
      "65": {
        "start": { "line": 262, "column": 16 },
        "end": { "line": 262, "column": null }
      },
      "66": {
        "start": { "line": 280, "column": 31 },
        "end": { "line": 280, "column": null }
      },
      "67": {
        "start": { "line": 297, "column": 31 },
        "end": { "line": 297, "column": null }
      },
      "68": {
        "start": { "line": 339, "column": 31 },
        "end": { "line": 339, "column": null }
      },
      "69": {
        "start": { "line": 352, "column": 14 },
        "end": { "line": 363, "column": null }
      },
      "70": {
        "start": { "line": 355, "column": 31 },
        "end": { "line": 355, "column": null }
      },
      "71": {
        "start": { "line": 368, "column": 16 },
        "end": { "line": 368, "column": null }
      },
      "72": {
        "start": { "line": 369, "column": 16 },
        "end": { "line": 369, "column": null }
      },
      "73": {
        "start": { "line": 392, "column": 36 },
        "end": { "line": 394, "column": null }
      },
      "74": {
        "start": { "line": 393, "column": 25 },
        "end": { "line": 393, "column": null }
      },
      "75": {
        "start": { "line": 395, "column": 31 },
        "end": { "line": 395, "column": null }
      },
      "76": {
        "start": { "line": 397, "column": 16 },
        "end": { "line": 492, "column": null }
      },
      "77": {
        "start": { "line": 445, "column": 39 },
        "end": { "line": 445, "column": null }
      },
      "78": {
        "start": { "line": 455, "column": 39 },
        "end": { "line": 455, "column": null }
      },
      "79": {
        "start": { "line": 465, "column": 26 },
        "end": { "line": 472, "column": null }
      },
      "80": {
        "start": { "line": 529, "column": 31 },
        "end": { "line": 529, "column": null }
      },
      "81": {
        "start": { "line": 551, "column": 36 },
        "end": { "line": 551, "column": null }
      },
      "82": {
        "start": { "line": 551, "column": 55 },
        "end": { "line": 551, "column": 77 }
      },
      "83": {
        "start": { "line": 552, "column": 18 },
        "end": { "line": 570, "column": null }
      },
      "84": {
        "start": { "line": 577, "column": 29 },
        "end": { "line": 577, "column": null }
      },
      "85": {
        "start": { "line": 603, "column": 18 },
        "end": { "line": 610, "column": null }
      },
      "86": {
        "start": { "line": 644, "column": 20 },
        "end": { "line": 648, "column": null }
      },
      "87": {
        "start": { "line": 662, "column": 20 },
        "end": { "line": 669, "column": null }
      }
    },
    "fnMap": {
      "0": {
        "name": "ModuloAlumnos",
        "decl": {
          "start": { "line": 18, "column": 24 },
          "end": { "line": 18, "column": 38 }
        },
        "loc": {
          "start": { "line": 24, "column": 3 },
          "end": { "line": 693, "column": null }
        },
        "line": 24
      },
      "1": {
        "name": "guardarAlumno",
        "decl": {
          "start": { "line": 50, "column": 17 },
          "end": { "line": 50, "column": 31 }
        },
        "loc": {
          "start": { "line": 50, "column": 34 },
          "end": { "line": 86, "column": null }
        },
        "line": 50
      },
      "2": {
        "name": "iniciarEdicion",
        "decl": {
          "start": { "line": 88, "column": 11 },
          "end": { "line": 88, "column": 26 }
        },
        "loc": {
          "start": { "line": 88, "column": 29 },
          "end": { "line": 97, "column": null }
        },
        "line": 88
      },
      "3": {
        "name": "cancelarEdicion",
        "decl": {
          "start": { "line": 99, "column": 11 },
          "end": { "line": 99, "column": 29 }
        },
        "loc": {
          "start": { "line": 99, "column": 29 },
          "end": { "line": 102, "column": null }
        },
        "line": 99
      },
      "4": {
        "name": "ejecutarCambioEstado",
        "decl": {
          "start": { "line": 104, "column": 17 },
          "end": { "line": 104, "column": 38 }
        },
        "loc": {
          "start": { "line": 104, "column": 41 },
          "end": { "line": 152, "column": null }
        },
        "line": 104
      },
      "5": {
        "name": "(anonymous_5)",
        "decl": {
          "start": { "line": 108, "column": 6 },
          "end": { "line": 108, "column": 27 }
        },
        "loc": {
          "start": { "line": 108, "column": 37 },
          "end": { "line": 111, "column": 8 }
        },
        "line": 108
      },
      "6": {
        "name": "(anonymous_6)",
        "decl": {
          "start": { "line": 115, "column": 4 },
          "end": { "line": 115, "column": 25 }
        },
        "loc": {
          "start": { "line": 115, "column": 35 },
          "end": { "line": 115, "column": 74 }
        },
        "line": 115
      },
      "7": {
        "name": "(anonymous_7)",
        "decl": {
          "start": { "line": 139, "column": 8 },
          "end": { "line": 139, "column": 29 }
        },
        "loc": {
          "start": { "line": 139, "column": 39 },
          "end": { "line": 143, "column": 10 }
        },
        "line": 139
      },
      "8": {
        "name": "(anonymous_8)",
        "decl": {
          "start": { "line": 146, "column": 6 },
          "end": { "line": 146, "column": 27 }
        },
        "loc": {
          "start": { "line": 146, "column": 37 },
          "end": { "line": 150, "column": 8 }
        },
        "line": 146
      },
      "9": {
        "name": "(anonymous_9)",
        "decl": {
          "start": { "line": 154, "column": 27 },
          "end": { "line": 154, "column": 41 }
        },
        "loc": {
          "start": { "line": 154, "column": 41 },
          "end": { "line": 172, "column": 5 }
        },
        "line": 154
      },
      "10": {
        "name": "(anonymous_10)",
        "decl": {
          "start": { "line": 155, "column": 19 },
          "end": { "line": 155, "column": 27 }
        },
        "loc": {
          "start": { "line": 155, "column": 33 },
          "end": { "line": 171, "column": 5 }
        },
        "line": 155
      },
      "11": {
        "name": "(anonymous_11)",
        "decl": {
          "start": { "line": 176, "column": 27 },
          "end": { "line": 176, "column": 41 }
        },
        "loc": {
          "start": { "line": 176, "column": 41 },
          "end": { "line": 179, "column": 5 }
        },
        "line": 176
      },
      "12": {
        "name": "(anonymous_12)",
        "decl": {
          "start": { "line": 181, "column": 2 },
          "end": { "line": 181, "column": 18 }
        },
        "loc": {
          "start": { "line": 181, "column": 18 },
          "end": { "line": 181, "column": 38 }
        },
        "line": 181
      },
      "13": {
        "name": "(anonymous_13)",
        "decl": {
          "start": { "line": 183, "column": 26 },
          "end": { "line": 183, "column": 40 }
        },
        "loc": {
          "start": { "line": 183, "column": 40 },
          "end": { "line": 186, "column": 5 }
        },
        "line": 183
      },
      "14": {
        "name": "(anonymous_14)",
        "decl": {
          "start": { "line": 185, "column": 24 },
          "end": { "line": 185, "column": 32 }
        },
        "loc": {
          "start": { "line": 185, "column": 38 },
          "end": { "line": 185, "column": 74 }
        },
        "line": 185
      },
      "15": {
        "name": "(anonymous_15)",
        "decl": {
          "start": { "line": 224, "column": 14 },
          "end": { "line": 224, "column": 25 }
        },
        "loc": {
          "start": { "line": 224, "column": 31 },
          "end": { "line": 224, "column": null }
        },
        "line": 224
      },
      "16": {
        "name": "(anonymous_16)",
        "decl": {
          "start": { "line": 242, "column": 14 },
          "end": { "line": 242, "column": 25 }
        },
        "loc": {
          "start": { "line": 242, "column": 31 },
          "end": { "line": 242, "column": null }
        },
        "line": 242
      },
      "17": {
        "name": "(anonymous_17)",
        "decl": {
          "start": { "line": 261, "column": 14 },
          "end": { "line": 261, "column": 25 }
        },
        "loc": {
          "start": { "line": 262, "column": 16 },
          "end": { "line": 262, "column": null }
        },
        "line": 262
      },
      "18": {
        "name": "(anonymous_18)",
        "decl": {
          "start": { "line": 280, "column": 14 },
          "end": { "line": 280, "column": 25 }
        },
        "loc": {
          "start": { "line": 280, "column": 31 },
          "end": { "line": 280, "column": null }
        },
        "line": 280
      },
      "19": {
        "name": "(anonymous_19)",
        "decl": {
          "start": { "line": 297, "column": 14 },
          "end": { "line": 297, "column": 25 }
        },
        "loc": {
          "start": { "line": 297, "column": 31 },
          "end": { "line": 297, "column": null }
        },
        "line": 297
      },
      "20": {
        "name": "(anonymous_20)",
        "decl": {
          "start": { "line": 339, "column": 14 },
          "end": { "line": 339, "column": 25 }
        },
        "loc": {
          "start": { "line": 339, "column": 31 },
          "end": { "line": 339, "column": null }
        },
        "line": 339
      },
      "21": {
        "name": "(anonymous_21)",
        "decl": {
          "start": { "line": 351, "column": 50 },
          "end": { "line": 351, "column": 55 }
        },
        "loc": {
          "start": { "line": 352, "column": 14 },
          "end": { "line": 363, "column": null }
        },
        "line": 352
      },
      "22": {
        "name": "(anonymous_22)",
        "decl": {
          "start": { "line": 355, "column": 16 },
          "end": { "line": 355, "column": 31 }
        },
        "loc": {
          "start": { "line": 355, "column": 31 },
          "end": { "line": 355, "column": null }
        },
        "line": 355
      },
      "23": {
        "name": "(anonymous_23)",
        "decl": {
          "start": { "line": 367, "column": 14 },
          "end": { "line": 367, "column": 29 }
        },
        "loc": {
          "start": { "line": 367, "column": 29 },
          "end": { "line": 370, "column": null }
        },
        "line": 367
      },
      "24": {
        "name": "(anonymous_24)",
        "decl": {
          "start": { "line": 391, "column": 31 },
          "end": { "line": 391, "column": 36 }
        },
        "loc": {
          "start": { "line": 391, "column": 42 },
          "end": { "line": 494, "column": 15 }
        },
        "line": 391
      },
      "25": {
        "name": "(anonymous_25)",
        "decl": {
          "start": { "line": 392, "column": 49 },
          "end": { "line": 392, "column": null }
        },
        "loc": {
          "start": { "line": 393, "column": 25 },
          "end": { "line": 393, "column": null }
        },
        "line": 393
      },
      "26": {
        "name": "(anonymous_26)",
        "decl": {
          "start": { "line": 445, "column": 24 },
          "end": { "line": 445, "column": 39 }
        },
        "loc": {
          "start": { "line": 445, "column": 39 },
          "end": { "line": 445, "column": null }
        },
        "line": 445
      },
      "27": {
        "name": "(anonymous_27)",
        "decl": {
          "start": { "line": 455, "column": 24 },
          "end": { "line": 455, "column": 39 }
        },
        "loc": {
          "start": { "line": 455, "column": 39 },
          "end": { "line": 455, "column": null }
        },
        "line": 455
      },
      "28": {
        "name": "(anonymous_28)",
        "decl": {
          "start": { "line": 464, "column": 24 },
          "end": { "line": 464, "column": null }
        },
        "loc": {
          "start": { "line": 465, "column": 26 },
          "end": { "line": 472, "column": null }
        },
        "line": 465
      },
      "29": {
        "name": "(anonymous_29)",
        "decl": {
          "start": { "line": 529, "column": 16 },
          "end": { "line": 529, "column": 31 }
        },
        "loc": {
          "start": { "line": 529, "column": 31 },
          "end": { "line": 529, "column": null }
        },
        "line": 529
      },
      "30": {
        "name": "(anonymous_30)",
        "decl": {
          "start": { "line": 550, "column": 32 },
          "end": { "line": 550, "column": 37 }
        },
        "loc": {
          "start": { "line": 550, "column": 46 },
          "end": { "line": 572, "column": 17 }
        },
        "line": 550
      },
      "31": {
        "name": "(anonymous_31)",
        "decl": {
          "start": { "line": 551, "column": 43 },
          "end": { "line": 551, "column": 49 }
        },
        "loc": {
          "start": { "line": 551, "column": 55 },
          "end": { "line": 551, "column": 77 }
        },
        "line": 551
      },
      "32": {
        "name": "(anonymous_32)",
        "decl": {
          "start": { "line": 577, "column": 14 },
          "end": { "line": 577, "column": 29 }
        },
        "loc": {
          "start": { "line": 577, "column": 29 },
          "end": { "line": 577, "column": null }
        },
        "line": 577
      },
      "33": {
        "name": "(anonymous_33)",
        "decl": {
          "start": { "line": 602, "column": 16 },
          "end": { "line": 602, "column": null }
        },
        "loc": {
          "start": { "line": 603, "column": 18 },
          "end": { "line": 610, "column": null }
        },
        "line": 603
      },
      "34": {
        "name": "(anonymous_34)",
        "decl": {
          "start": { "line": 643, "column": 18 },
          "end": { "line": 643, "column": 29 }
        },
        "loc": {
          "start": { "line": 644, "column": 20 },
          "end": { "line": 648, "column": null }
        },
        "line": 644
      },
      "35": {
        "name": "(anonymous_35)",
        "decl": {
          "start": { "line": 661, "column": 18 },
          "end": { "line": 661, "column": null }
        },
        "loc": {
          "start": { "line": 662, "column": 20 },
          "end": { "line": 669, "column": null }
        },
        "line": 662
      }
    },
    "branchMap": {
      "0": {
        "loc": {
          "start": { "line": 55, "column": 13 },
          "end": { "line": 55, "column": null }
        },
        "type": "cond-expr",
        "locations": [
          {
            "start": { "line": 55, "column": 41 },
            "end": { "line": 55, "column": 48 }
          },
          {
            "start": { "line": 55, "column": 48 },
            "end": { "line": 55, "column": null }
          }
        ],
        "line": 55
      },
      "1": {
        "loc": {
          "start": { "line": 56, "column": 16 },
          "end": { "line": 56, "column": null }
        },
        "type": "cond-expr",
        "locations": [
          {
            "start": { "line": 56, "column": 47 },
            "end": { "line": 56, "column": 54 }
          },
          {
            "start": { "line": 56, "column": 54 },
            "end": { "line": 56, "column": null }
          }
        ],
        "line": 56
      },
      "2": {
        "loc": {
          "start": { "line": 59, "column": 21 },
          "end": { "line": 61, "column": null }
        },
        "type": "cond-expr",
        "locations": [
          {
            "start": { "line": 60, "column": 8 },
            "end": { "line": 60, "column": null }
          },
          {
            "start": { "line": 61, "column": 8 },
            "end": { "line": 61, "column": null }
          }
        ],
        "line": 59
      },
      "3": {
        "loc": {
          "start": { "line": 62, "column": 19 },
          "end": { "line": 62, "column": null }
        },
        "type": "cond-expr",
        "locations": [
          {
            "start": { "line": 62, "column": 32 },
            "end": { "line": 62, "column": 42 }
          },
          {
            "start": { "line": 62, "column": 42 },
            "end": { "line": 62, "column": null }
          }
        ],
        "line": 62
      },
      "4": {
        "loc": {
          "start": { "line": 70, "column": 6 },
          "end": { "line": 82, "column": null }
        },
        "type": "if",
        "locations": [
          {
            "start": { "line": 70, "column": 6 },
            "end": { "line": 82, "column": null }
          },
          {
            "start": { "line": 79, "column": 13 },
            "end": { "line": 82, "column": null }
          }
        ],
        "line": 70
      },
      "5": {
        "loc": {
          "start": { "line": 72, "column": 10 },
          "end": { "line": 74, "column": null }
        },
        "type": "cond-expr",
        "locations": [
          {
            "start": { "line": 73, "column": 14 },
            "end": { "line": 73, "column": null }
          },
          {
            "start": { "line": 74, "column": 14 },
            "end": { "line": 74, "column": null }
          }
        ],
        "line": 72
      },
      "6": {
        "loc": {
          "start": { "line": 81, "column": 17 },
          "end": { "line": 81, "column": 62 }
        },
        "type": "binary-expr",
        "locations": [
          {
            "start": { "line": 81, "column": 17 },
            "end": { "line": 81, "column": 31 }
          },
          {
            "start": { "line": 81, "column": 31 },
            "end": { "line": 81, "column": 62 }
          }
        ],
        "line": 81
      },
      "7": {
        "loc": {
          "start": { "line": 91, "column": 14 },
          "end": { "line": 91, "column": null }
        },
        "type": "binary-expr",
        "locations": [
          {
            "start": { "line": 91, "column": 14 },
            "end": { "line": 91, "column": 26 }
          },
          {
            "start": { "line": 91, "column": 26 },
            "end": { "line": 91, "column": null }
          }
        ],
        "line": 91
      },
      "8": {
        "loc": {
          "start": { "line": 92, "column": 17 },
          "end": { "line": 92, "column": null }
        },
        "type": "binary-expr",
        "locations": [
          {
            "start": { "line": 92, "column": 17 },
            "end": { "line": 92, "column": 32 }
          },
          {
            "start": { "line": 92, "column": 32 },
            "end": { "line": 92, "column": null }
          }
        ],
        "line": 92
      },
      "9": {
        "loc": {
          "start": { "line": 93, "column": 12 },
          "end": { "line": 93, "column": null }
        },
        "type": "binary-expr",
        "locations": [
          {
            "start": { "line": 93, "column": 12 },
            "end": { "line": 93, "column": 22 }
          },
          {
            "start": { "line": 93, "column": 22 },
            "end": { "line": 93, "column": null }
          }
        ],
        "line": 93
      },
      "10": {
        "loc": {
          "start": { "line": 94, "column": 13 },
          "end": { "line": 94, "column": null }
        },
        "type": "binary-expr",
        "locations": [
          {
            "start": { "line": 94, "column": 13 },
            "end": { "line": 94, "column": 24 }
          },
          {
            "start": { "line": 94, "column": 24 },
            "end": { "line": 94, "column": null }
          }
        ],
        "line": 94
      },
      "11": {
        "loc": {
          "start": { "line": 95, "column": 16 },
          "end": { "line": 95, "column": null }
        },
        "type": "binary-expr",
        "locations": [
          {
            "start": { "line": 95, "column": 16 },
            "end": { "line": 95, "column": 30 }
          },
          {
            "start": { "line": 95, "column": 30 },
            "end": { "line": 95, "column": null }
          }
        ],
        "line": 95
      },
      "12": {
        "loc": {
          "start": { "line": 107, "column": 4 },
          "end": { "line": 113, "column": null }
        },
        "type": "if",
        "locations": [
          {
            "start": { "line": 107, "column": 4 },
            "end": { "line": 113, "column": null }
          },
          { "start": {}, "end": {} }
        ],
        "line": 107
      },
      "13": {
        "loc": {
          "start": { "line": 123, "column": 6 },
          "end": { "line": 144, "column": null }
        },
        "type": "if",
        "locations": [
          {
            "start": { "line": 123, "column": 6 },
            "end": { "line": 144, "column": null }
          },
          {
            "start": { "line": 137, "column": 13 },
            "end": { "line": 144, "column": null }
          }
        ],
        "line": 123
      },
      "14": {
        "loc": {
          "start": { "line": 125, "column": 20 },
          "end": { "line": 125, "column": 64 }
        },
        "type": "cond-expr",
        "locations": [
          {
            "start": { "line": 125, "column": 34 },
            "end": { "line": 125, "column": 49 }
          },
          {
            "start": { "line": 125, "column": 49 },
            "end": { "line": 125, "column": 64 }
          }
        ],
        "line": 125
      },
      "15": {
        "loc": {
          "start": { "line": 142, "column": 17 },
          "end": { "line": 142, "column": null }
        },
        "type": "binary-expr",
        "locations": [
          {
            "start": { "line": 142, "column": 17 },
            "end": { "line": 142, "column": 31 }
          },
          {
            "start": { "line": 142, "column": 31 },
            "end": { "line": 142, "column": null }
          }
        ],
        "line": 142
      },
      "16": {
        "loc": {
          "start": { "line": 158, "column": 8 },
          "end": { "line": 160, "column": null }
        },
        "type": "binary-expr",
        "locations": [
          {
            "start": { "line": 158, "column": 8 },
            "end": { "line": 158, "column": null }
          },
          {
            "start": { "line": 159, "column": 9 },
            "end": { "line": 159, "column": 19 }
          },
          {
            "start": { "line": 159, "column": 19 },
            "end": { "line": 159, "column": null }
          },
          {
            "start": { "line": 160, "column": 9 },
            "end": { "line": 160, "column": 20 }
          },
          {
            "start": { "line": 160, "column": 20 },
            "end": { "line": 160, "column": null }
          }
        ],
        "line": 158
      },
      "17": {
        "loc": {
          "start": { "line": 164, "column": 8 },
          "end": { "line": 168, "column": null }
        },
        "type": "cond-expr",
        "locations": [
          {
            "start": { "line": 165, "column": 12 },
            "end": { "line": 165, "column": null }
          },
          {
            "start": { "line": 166, "column": 12 },
            "end": { "line": 168, "column": null }
          }
        ],
        "line": 164
      },
      "18": {
        "loc": {
          "start": { "line": 166, "column": 12 },
          "end": { "line": 168, "column": null }
        },
        "type": "cond-expr",
        "locations": [
          {
            "start": { "line": 167, "column": 14 },
            "end": { "line": 167, "column": null }
          },
          {
            "start": { "line": 168, "column": 14 },
            "end": { "line": 168, "column": null }
          }
        ],
        "line": 166
      },
      "19": {
        "loc": {
          "start": { "line": 170, "column": 13 },
          "end": { "line": 170, "column": null }
        },
        "type": "binary-expr",
        "locations": [
          {
            "start": { "line": 170, "column": 13 },
            "end": { "line": 170, "column": 27 }
          },
          {
            "start": { "line": 170, "column": 27 },
            "end": { "line": 170, "column": null }
          }
        ],
        "line": 170
      },
      "20": {
        "loc": {
          "start": { "line": 175, "column": 4 },
          "end": { "line": 175, "column": null }
        },
        "type": "binary-expr",
        "locations": [
          {
            "start": { "line": 175, "column": 4 },
            "end": { "line": 175, "column": 63 }
          },
          {
            "start": { "line": 175, "column": 63 },
            "end": { "line": 175, "column": null }
          }
        ],
        "line": 175
      },
      "21": {
        "loc": {
          "start": { "line": 184, "column": 4 },
          "end": { "line": 184, "column": null }
        },
        "type": "if",
        "locations": [
          {
            "start": { "line": 184, "column": 4 },
            "end": { "line": 184, "column": null }
          },
          { "start": {}, "end": {} }
        ],
        "line": 184
      },
      "22": {
        "loc": {
          "start": { "line": 201, "column": 13 },
          "end": { "line": 201, "column": null }
        },
        "type": "cond-expr",
        "locations": [
          {
            "start": { "line": 201, "column": 26 },
            "end": { "line": 201, "column": 47 }
          },
          {
            "start": { "line": 201, "column": 47 },
            "end": { "line": 201, "column": null }
          }
        ],
        "line": 201
      },
      "23": {
        "loc": {
          "start": { "line": 203, "column": 11 },
          "end": { "line": 208, "column": null }
        },
        "type": "binary-expr",
        "locations": [
          {
            "start": { "line": 203, "column": 11 },
            "end": { "line": 203, "column": null }
          },
          {
            "start": { "line": 204, "column": 12 },
            "end": { "line": 208, "column": null }
          }
        ],
        "line": 203
      },
      "24": {
        "loc": {
          "start": { "line": 307, "column": 15 },
          "end": { "line": 307, "column": null }
        },
        "type": "cond-expr",
        "locations": [
          {
            "start": { "line": 307, "column": 28 },
            "end": { "line": 307, "column": 48 }
          },
          {
            "start": { "line": 307, "column": 48 },
            "end": { "line": 307, "column": null }
          }
        ],
        "line": 307
      },
      "25": {
        "loc": {
          "start": { "line": 309, "column": 13 },
          "end": { "line": 318, "column": null }
        },
        "type": "binary-expr",
        "locations": [
          {
            "start": { "line": 309, "column": 13 },
            "end": { "line": 309, "column": null }
          },
          {
            "start": { "line": 310, "column": 14 },
            "end": { "line": 318, "column": null }
          }
        ],
        "line": 309
      },
      "26": {
        "loc": {
          "start": { "line": 357, "column": 18 },
          "end": { "line": 359, "column": null }
        },
        "type": "cond-expr",
        "locations": [
          {
            "start": { "line": 358, "column": 22 },
            "end": { "line": 358, "column": null }
          },
          {
            "start": { "line": 359, "column": 22 },
            "end": { "line": 359, "column": null }
          }
        ],
        "line": 357
      },
      "27": {
        "loc": {
          "start": { "line": 386, "column": 13 },
          "end": { "line": 494, "column": null }
        },
        "type": "cond-expr",
        "locations": [
          {
            "start": { "line": 387, "column": 14 },
            "end": { "line": 391, "column": 31 }
          },
          {
            "start": { "line": 391, "column": 14 },
            "end": { "line": 494, "column": null }
          }
        ],
        "line": 386
      },
      "28": {
        "loc": {
          "start": { "line": 401, "column": 22 },
          "end": { "line": 403, "column": null }
        },
        "type": "cond-expr",
        "locations": [
          {
            "start": { "line": 402, "column": 26 },
            "end": { "line": 402, "column": null }
          },
          {
            "start": { "line": 403, "column": 26 },
            "end": { "line": 403, "column": null }
          }
        ],
        "line": 401
      },
      "29": {
        "loc": {
          "start": { "line": 413, "column": 28 },
          "end": { "line": 415, "column": null }
        },
        "type": "cond-expr",
        "locations": [
          {
            "start": { "line": 414, "column": 32 },
            "end": { "line": 414, "column": null }
          },
          {
            "start": { "line": 415, "column": 32 },
            "end": { "line": 415, "column": null }
          }
        ],
        "line": 413
      },
      "30": {
        "loc": {
          "start": { "line": 418, "column": 27 },
          "end": { "line": 418, "column": null }
        },
        "type": "cond-expr",
        "locations": [
          {
            "start": { "line": 418, "column": 36 },
            "end": { "line": 418, "column": 47 }
          },
          {
            "start": { "line": 418, "column": 47 },
            "end": { "line": 418, "column": null }
          }
        ],
        "line": 418
      },
      "31": {
        "loc": {
          "start": { "line": 429, "column": 25 },
          "end": { "line": 438, "column": 27 }
        },
        "type": "binary-expr",
        "locations": [
          {
            "start": { "line": 429, "column": 25 },
            "end": { "line": 429, "column": null }
          },
          {
            "start": { "line": 430, "column": 26 },
            "end": { "line": 438, "column": 27 }
          }
        ],
        "line": 429
      },
      "32": {
        "loc": {
          "start": { "line": 438, "column": 25 },
          "end": { "line": 439, "column": null }
        },
        "type": "binary-expr",
        "locations": [
          {
            "start": { "line": 438, "column": 25 },
            "end": { "line": 438, "column": 39 }
          },
          {
            "start": { "line": 438, "column": 39 },
            "end": { "line": 439, "column": null }
          }
        ],
        "line": 438
      },
      "33": {
        "loc": {
          "start": { "line": 475, "column": 26 },
          "end": { "line": 477, "column": null }
        },
        "type": "cond-expr",
        "locations": [
          {
            "start": { "line": 476, "column": 30 },
            "end": { "line": 476, "column": null }
          },
          {
            "start": { "line": 477, "column": 30 },
            "end": { "line": 477, "column": null }
          }
        ],
        "line": 475
      },
      "34": {
        "loc": {
          "start": { "line": 480, "column": 26 },
          "end": { "line": 482, "column": null }
        },
        "type": "cond-expr",
        "locations": [
          {
            "start": { "line": 481, "column": 30 },
            "end": { "line": 481, "column": null }
          },
          {
            "start": { "line": 482, "column": 30 },
            "end": { "line": 482, "column": null }
          }
        ],
        "line": 480
      },
      "35": {
        "loc": {
          "start": { "line": 485, "column": 25 },
          "end": { "line": 488, "column": null }
        },
        "type": "cond-expr",
        "locations": [
          {
            "start": { "line": 486, "column": 26 },
            "end": { "line": 488, "column": 27 }
          },
          {
            "start": { "line": 488, "column": 26 },
            "end": { "line": 488, "column": null }
          }
        ],
        "line": 485
      },
      "36": {
        "loc": {
          "start": { "line": 510, "column": 7 },
          "end": { "line": 583, "column": null }
        },
        "type": "binary-expr",
        "locations": [
          {
            "start": { "line": 510, "column": 7 },
            "end": { "line": 510, "column": null }
          },
          {
            "start": { "line": 511, "column": 8 },
            "end": { "line": 583, "column": null }
          }
        ],
        "line": 510
      },
      "37": {
        "loc": {
          "start": { "line": 545, "column": 15 },
          "end": { "line": 572, "column": null }
        },
        "type": "cond-expr",
        "locations": [
          {
            "start": { "line": 546, "column": 16 },
            "end": { "line": 550, "column": 32 }
          },
          {
            "start": { "line": 550, "column": 16 },
            "end": { "line": 572, "column": null }
          }
        ],
        "line": 545
      },
      "38": {
        "loc": {
          "start": { "line": 559, "column": 27 },
          "end": { "line": 559, "column": null }
        },
        "type": "cond-expr",
        "locations": [
          {
            "start": { "line": 559, "column": 39 },
            "end": { "line": 559, "column": 58 }
          },
          {
            "start": { "line": 559, "column": 58 },
            "end": { "line": 559, "column": null }
          }
        ],
        "line": 559
      },
      "39": {
        "loc": {
          "start": { "line": 566, "column": 25 },
          "end": { "line": 568, "column": null }
        },
        "type": "cond-expr",
        "locations": [
          {
            "start": { "line": 567, "column": 28 },
            "end": { "line": 567, "column": null }
          },
          {
            "start": { "line": 568, "column": 28 },
            "end": { "line": 568, "column": null }
          }
        ],
        "line": 566
      },
      "40": {
        "loc": {
          "start": { "line": 587, "column": 7 },
          "end": { "line": 689, "column": null }
        },
        "type": "binary-expr",
        "locations": [
          {
            "start": { "line": 587, "column": 7 },
            "end": { "line": 587, "column": null }
          },
          {
            "start": { "line": 588, "column": 8 },
            "end": { "line": 689, "column": null }
          }
        ],
        "line": 587
      },
      "41": {
        "loc": {
          "start": { "line": 596, "column": 17 },
          "end": { "line": 598, "column": null }
        },
        "type": "cond-expr",
        "locations": [
          {
            "start": { "line": 597, "column": 20 },
            "end": { "line": 597, "column": null }
          },
          {
            "start": { "line": 598, "column": 20 },
            "end": { "line": 598, "column": null }
          }
        ],
        "line": 596
      },
      "42": {
        "loc": {
          "start": { "line": 620, "column": 15 },
          "end": { "line": 620, "column": 74 }
        },
        "type": "cond-expr",
        "locations": [
          {
            "start": { "line": 620, "column": 46 },
            "end": { "line": 620, "column": 60 }
          },
          {
            "start": { "line": 620, "column": 60 },
            "end": { "line": 620, "column": 74 }
          }
        ],
        "line": 620
      },
      "43": {
        "loc": {
          "start": { "line": 653, "column": 15 },
          "end": { "line": 656, "column": null }
        },
        "type": "binary-expr",
        "locations": [
          {
            "start": { "line": 653, "column": 15 },
            "end": { "line": 653, "column": null }
          },
          {
            "start": { "line": 654, "column": 16 },
            "end": { "line": 656, "column": null }
          }
        ],
        "line": 653
      },
      "44": {
        "loc": {
          "start": { "line": 679, "column": 20 },
          "end": { "line": 681, "column": null }
        },
        "type": "cond-expr",
        "locations": [
          {
            "start": { "line": 680, "column": 24 },
            "end": { "line": 680, "column": null }
          },
          {
            "start": { "line": 681, "column": 24 },
            "end": { "line": 681, "column": null }
          }
        ],
        "line": 679
      },
      "45": {
        "loc": {
          "start": { "line": 684, "column": 19 },
          "end": { "line": 684, "column": null }
        },
        "type": "cond-expr",
        "locations": [
          {
            "start": { "line": 684, "column": 47 },
            "end": { "line": 684, "column": 66 }
          },
          {
            "start": { "line": 684, "column": 66 },
            "end": { "line": 684, "column": null }
          }
        ],
        "line": 684
      }
    },
    "s": {
      "0": 373,
      "1": 373,
      "2": 373,
      "3": 373,
      "4": 373,
      "5": 373,
      "6": 373,
      "7": 373,
      "8": 5,
      "9": 5,
      "10": 5,
      "11": 5,
      "12": 5,
      "13": 5,
      "14": 4,
      "15": 3,
      "16": 3,
      "17": 3,
      "18": 1,
      "19": 1,
      "20": 1,
      "21": 3,
      "22": 3,
      "23": 4,
      "24": 4,
      "25": 5,
      "26": 5,
      "27": 5,
      "28": 1,
      "29": 1,
      "30": 1,
      "31": 4,
      "32": 4,
      "33": 4,
      "34": 4,
      "35": 3,
      "36": 2,
      "37": 2,
      "38": 2,
      "39": 1,
      "40": 1,
      "41": 1,
      "42": 1,
      "43": 1,
      "44": 373,
      "45": 88,
      "46": 176,
      "47": 176,
      "48": 176,
      "49": 176,
      "50": 176,
      "51": 373,
      "52": 373,
      "53": 88,
      "54": 88,
      "55": 373,
      "56": 88,
      "57": 373,
      "58": 34,
      "59": 31,
      "60": 3,
      "61": 6,
      "62": 373,
      "63": 30,
      "64": 24,
      "65": 90,
      "66": 0,
      "67": 0,
      "68": 54,
      "69": 1119,
      "70": 3,
      "71": 1,
      "72": 1,
      "73": 600,
      "74": 1200,
      "75": 600,
      "76": 600,
      "77": 3,
      "78": 3,
      "79": 8,
      "80": 0,
      "81": 8,
      "82": 12,
      "83": 8,
      "84": 1,
      "85": 0,
      "86": 35,
      "87": 1
    },
    "f": {
      "0": 373,
      "1": 5,
      "2": 3,
      "3": 4,
      "4": 5,
      "5": 1,
      "6": 4,
      "7": 1,
      "8": 1,
      "9": 88,
      "10": 176,
      "11": 88,
      "12": 88,
      "13": 34,
      "14": 6,
      "15": 30,
      "16": 24,
      "17": 90,
      "18": 0,
      "19": 0,
      "20": 54,
      "21": 1119,
      "22": 3,
      "23": 1,
      "24": 600,
      "25": 1200,
      "26": 3,
      "27": 3,
      "28": 8,
      "29": 0,
      "30": 8,
      "31": 12,
      "32": 1,
      "33": 0,
      "34": 35,
      "35": 1
    },
    "b": {
      "0": [4, 1],
      "1": [4, 1],
      "2": [1, 4],
      "3": [1, 4],
      "4": [3, 1],
      "5": [1, 2],
      "6": [1, 0],
      "7": [3, 0],
      "8": [3, 0],
      "9": [3, 0],
      "10": [3, 0],
      "11": [3, 0],
      "12": [1, 4],
      "13": [2, 1],
      "14": [1, 1],
      "15": [1, 0],
      "16": [176, 92, 92, 82, 37],
      "17": [170, 6],
      "18": [4, 2],
      "19": [176, 105],
      "20": [373, 34],
      "21": [31, 3],
      "22": [24, 349],
      "23": [373, 24],
      "24": [24, 349],
      "25": [373, 24],
      "26": [373, 746],
      "27": [34, 339],
      "28": [281, 319],
      "29": [319, 281],
      "30": [319, 281],
      "31": [600, 319],
      "32": [600, 319],
      "33": [319, 281],
      "34": [319, 281],
      "35": [319, 281],
      "36": [373, 6],
      "37": [2, 4],
      "38": [8, 0],
      "39": [4, 4],
      "40": [373, 58],
      "41": [13, 45],
      "42": [13, 45],
      "43": [58, 3],
      "44": [13, 45],
      "45": [4, 54]
    },
    "meta": {
      "lastBranch": 46,
      "lastFunction": 36,
      "lastStatement": 88,
      "seen": {
        "f:18:24:18:38": 0,
        "s:25:29:25:Infinity": 0,
        "s:26:34:26:Infinity": 1,
        "s:27:42:27:Infinity": 2,
        "s:28:42:28:Infinity": 3,
        "s:30:38:30:Infinity": 4,
        "s:31:52:31:Infinity": 5,
        "s:33:50:40:Infinity": 6,
        "s:42:26:48:Infinity": 7,
        "f:50:17:50:31": 1,
        "s:51:4:51:Infinity": 8,
        "s:52:17:57:Infinity": 9,
        "b:55:41:55:48:55:48:55:Infinity": 0,
        "b:56:47:56:54:56:54:56:Infinity": 1,
        "s:59:21:61:Infinity": 10,
        "b:60:8:60:Infinity:61:8:61:Infinity": 2,
        "s:62:19:62:Infinity": 11,
        "b:62:32:62:42:62:42:62:Infinity": 3,
        "s:64:4:85:Infinity": 12,
        "s:65:18:69:Infinity": 13,
        "b:70:6:82:Infinity:79:13:82:Infinity": 4,
        "s:70:6:82:Infinity": 14,
        "s:71:8:76:Infinity": 15,
        "b:73:14:73:Infinity:74:14:74:Infinity": 5,
        "s:77:8:77:Infinity": 16,
        "s:78:8:78:Infinity": 17,
        "s:80:20:80:Infinity": 18,
        "s:81:8:81:Infinity": 19,
        "b:81:17:81:31:81:31:81:62": 6,
        "s:84:6:84:Infinity": 20,
        "f:88:11:88:26": 2,
        "s:89:4:89:Infinity": 21,
        "s:90:4:96:Infinity": 22,
        "b:91:14:91:26:91:26:91:Infinity": 7,
        "b:92:17:92:32:92:32:92:Infinity": 8,
        "b:93:12:93:22:93:22:93:Infinity": 9,
        "b:94:13:94:24:94:24:94:Infinity": 10,
        "b:95:16:95:30:95:30:95:Infinity": 11,
        "f:99:11:99:29": 3,
        "s:100:4:100:Infinity": 23,
        "s:101:4:101:Infinity": 24,
        "f:104:17:104:38": 4,
        "s:105:4:105:Infinity": 25,
        "s:106:46:106:Infinity": 26,
        "b:107:4:113:Infinity:undefined:undefined:undefined:undefined": 12,
        "s:107:4:113:Infinity": 27,
        "s:108:6:111:Infinity": 28,
        "f:108:6:108:27": 5,
        "s:108:37:111:8": 29,
        "s:112:6:112:Infinity": 30,
        "s:115:4:115:Infinity": 31,
        "f:115:4:115:25": 6,
        "s:115:35:115:74": 32,
        "s:117:4:151:Infinity": 33,
        "s:118:18:122:Infinity": 34,
        "b:123:6:144:Infinity:137:13:144:Infinity": 13,
        "s:123:6:144:Infinity": 35,
        "s:124:8:127:Infinity": 36,
        "b:125:34:125:49:125:49:125:64": 14,
        "s:128:8:135:Infinity": 37,
        "s:136:8:136:Infinity": 38,
        "s:138:20:138:Infinity": 39,
        "s:139:8:143:Infinity": 40,
        "f:139:8:139:29": 7,
        "s:139:39:143:10": 41,
        "b:142:17:142:31:142:31:142:Infinity": 15,
        "s:146:6:150:Infinity": 42,
        "f:146:6:146:27": 8,
        "s:146:37:150:8": 43,
        "s:154:27:172:Infinity": 44,
        "f:154:27:154:41": 9,
        "s:155:4:171:Infinity": 45,
        "f:155:19:155:27": 10,
        "s:156:16:156:Infinity": 46,
        "s:158:8:160:Infinity": 47,
        "b:158:8:158:Infinity:159:9:159:19:159:19:159:Infinity:160:9:160:20:160:20:160:Infinity": 16,
        "s:162:21:162:Infinity": 48,
        "s:164:8:168:Infinity": 49,
        "b:165:12:165:Infinity:166:12:168:Infinity": 17,
        "b:167:14:167:Infinity:168:14:168:Infinity": 18,
        "s:170:6:170:Infinity": 50,
        "b:170:13:170:27:170:27:170:Infinity": 19,
        "s:175:4:175:Infinity": 51,
        "b:175:4:175:63:175:63:175:Infinity": 20,
        "s:176:27:179:Infinity": 52,
        "f:176:27:176:41": 11,
        "s:177:10:177:Infinity": 53,
        "s:178:4:178:Infinity": 54,
        "s:181:2:181:Infinity": 55,
        "f:181:2:181:18": 12,
        "s:181:18:181:38": 56,
        "s:183:26:186:Infinity": 57,
        "f:183:26:183:40": 13,
        "b:184:4:184:Infinity:undefined:undefined:undefined:undefined": 21,
        "s:184:4:184:Infinity": 58,
        "s:184:28:184:Infinity": 59,
        "s:185:4:185:Infinity": 60,
        "f:185:24:185:32": 14,
        "s:185:38:185:74": 61,
        "s:188:2:691:Infinity": 62,
        "b:201:26:201:47:201:47:201:Infinity": 22,
        "b:203:11:203:Infinity:204:12:208:Infinity": 23,
        "f:224:14:224:25": 15,
        "s:224:31:224:Infinity": 63,
        "f:242:14:242:25": 16,
        "s:242:31:242:Infinity": 64,
        "f:261:14:261:25": 17,
        "s:262:16:262:Infinity": 65,
        "f:280:14:280:25": 18,
        "s:280:31:280:Infinity": 66,
        "f:297:14:297:25": 19,
        "s:297:31:297:Infinity": 67,
        "b:307:28:307:48:307:48:307:Infinity": 24,
        "b:309:13:309:Infinity:310:14:318:Infinity": 25,
        "f:339:14:339:25": 20,
        "s:339:31:339:Infinity": 68,
        "f:351:50:351:55": 21,
        "s:352:14:363:Infinity": 69,
        "f:355:16:355:31": 22,
        "s:355:31:355:Infinity": 70,
        "b:358:22:358:Infinity:359:22:359:Infinity": 26,
        "f:367:14:367:29": 23,
        "s:368:16:368:Infinity": 71,
        "s:369:16:369:Infinity": 72,
        "b:387:14:391:31:391:14:494:Infinity": 27,
        "f:391:31:391:36": 24,
        "s:392:36:394:Infinity": 73,
        "f:392:49:392:Infinity": 25,
        "s:393:25:393:Infinity": 74,
        "s:395:31:395:Infinity": 75,
        "s:397:16:492:Infinity": 76,
        "b:402:26:402:Infinity:403:26:403:Infinity": 28,
        "b:414:32:414:Infinity:415:32:415:Infinity": 29,
        "b:418:36:418:47:418:47:418:Infinity": 30,
        "b:429:25:429:Infinity:430:26:438:27": 31,
        "b:438:25:438:39:438:39:439:Infinity": 32,
        "f:445:24:445:39": 26,
        "s:445:39:445:Infinity": 77,
        "f:455:24:455:39": 27,
        "s:455:39:455:Infinity": 78,
        "f:464:24:464:Infinity": 28,
        "s:465:26:472:Infinity": 79,
        "b:476:30:476:Infinity:477:30:477:Infinity": 33,
        "b:481:30:481:Infinity:482:30:482:Infinity": 34,
        "b:486:26:488:27:488:26:488:Infinity": 35,
        "b:510:7:510:Infinity:511:8:583:Infinity": 36,
        "f:529:16:529:31": 29,
        "s:529:31:529:Infinity": 80,
        "b:546:16:550:32:550:16:572:Infinity": 37,
        "f:550:32:550:37": 30,
        "s:551:36:551:Infinity": 81,
        "f:551:43:551:49": 31,
        "s:551:55:551:77": 82,
        "s:552:18:570:Infinity": 83,
        "b:559:39:559:58:559:58:559:Infinity": 38,
        "b:567:28:567:Infinity:568:28:568:Infinity": 39,
        "f:577:14:577:29": 32,
        "s:577:29:577:Infinity": 84,
        "b:587:7:587:Infinity:588:8:689:Infinity": 40,
        "b:597:20:597:Infinity:598:20:598:Infinity": 41,
        "f:602:16:602:Infinity": 33,
        "s:603:18:610:Infinity": 85,
        "b:620:46:620:60:620:60:620:74": 42,
        "f:643:18:643:29": 34,
        "s:644:20:648:Infinity": 86,
        "b:653:15:653:Infinity:654:16:656:Infinity": 43,
        "f:661:18:661:Infinity": 35,
        "s:662:20:669:Infinity": 87,
        "b:680:24:680:Infinity:681:24:681:Infinity": 44,
        "b:684:47:684:66:684:66:684:Infinity": 45
      },
      "fnNames": {}
    }
  },
  "C:\\Users\\Usuario\\CIAE-frontend\\src\\components\\admin\\ModuloCertificados.jsx": {
    "path": "C:\\Users\\Usuario\\CIAE-frontend\\src\\components\\admin\\ModuloCertificados.jsx",
    "statementMap": {
      "0": {
        "start": { "line": 17, "column": 2 },
        "end": { "line": 17, "column": null }
      },
      "1": {
        "start": { "line": 17, "column": 21 },
        "end": { "line": 17, "column": null }
      },
      "2": {
        "start": { "line": 18, "column": 29 },
        "end": { "line": 18, "column": null }
      },
      "3": {
        "start": { "line": 19, "column": 12 },
        "end": { "line": 19, "column": null }
      },
      "4": {
        "start": { "line": 20, "column": 2 },
        "end": { "line": 20, "column": null }
      },
      "5": {
        "start": { "line": 33, "column": 32 },
        "end": { "line": 33, "column": null }
      },
      "6": {
        "start": { "line": 34, "column": 30 },
        "end": { "line": 34, "column": null }
      },
      "7": {
        "start": { "line": 35, "column": 22 },
        "end": { "line": 35, "column": null }
      },
      "8": {
        "start": { "line": 37, "column": 17 },
        "end": { "line": 40, "column": null }
      },
      "9": {
        "start": { "line": 38, "column": 10 },
        "end": { "line": 38, "column": null }
      },
      "10": {
        "start": { "line": 38, "column": 29 },
        "end": { "line": 38, "column": 53 }
      },
      "11": {
        "start": { "line": 41, "column": 21 },
        "end": { "line": 45, "column": null }
      },
      "12": {
        "start": { "line": 42, "column": 14 },
        "end": { "line": 42, "column": null }
      },
      "13": {
        "start": { "line": 43, "column": 4 },
        "end": { "line": 43, "column": null }
      },
      "14": {
        "start": { "line": 43, "column": 12 },
        "end": { "line": 43, "column": null }
      },
      "15": {
        "start": { "line": 44, "column": 4 },
        "end": { "line": 44, "column": null }
      },
      "16": {
        "start": { "line": 44, "column": 32 },
        "end": { "line": 44, "column": 47 }
      },
      "17": {
        "start": { "line": 47, "column": 2 },
        "end": { "line": 54, "column": null }
      },
      "18": {
        "start": { "line": 49, "column": 6 },
        "end": { "line": 50, "column": null }
      },
      "19": {
        "start": { "line": 50, "column": 8 },
        "end": { "line": 50, "column": null }
      },
      "20": {
        "start": { "line": 52, "column": 4 },
        "end": { "line": 52, "column": null }
      },
      "21": {
        "start": { "line": 53, "column": 4 },
        "end": { "line": 53, "column": null }
      },
      "22": {
        "start": { "line": 53, "column": 17 },
        "end": { "line": 53, "column": null }
      },
      "23": {
        "start": { "line": 56, "column": 2 },
        "end": { "line": 77, "column": null }
      },
      "24": {
        "start": { "line": 57, "column": 4 },
        "end": { "line": 75, "column": null }
      },
      "25": {
        "start": { "line": 67, "column": 14 },
        "end": { "line": 67, "column": null }
      },
      "26": {
        "start": { "line": 68, "column": 14 },
        "end": { "line": 68, "column": null }
      },
      "27": {
        "start": { "line": 79, "column": 2 },
        "end": { "line": 142, "column": null }
      },
      "28": {
        "start": { "line": 93, "column": 25 },
        "end": { "line": 93, "column": null }
      },
      "29": {
        "start": { "line": 95, "column": 12 },
        "end": { "line": 95, "column": null }
      },
      "30": {
        "start": { "line": 96, "column": 12 },
        "end": { "line": 96, "column": null }
      },
      "31": {
        "start": { "line": 102, "column": 25 },
        "end": { "line": 102, "column": null }
      },
      "32": {
        "start": { "line": 118, "column": 14 },
        "end": { "line": 137, "column": null }
      },
      "33": {
        "start": { "line": 122, "column": 18 },
        "end": { "line": 122, "column": null }
      },
      "34": {
        "start": { "line": 123, "column": 18 },
        "end": { "line": 123, "column": null }
      },
      "35": {
        "start": { "line": 124, "column": 18 },
        "end": { "line": 124, "column": null }
      },
      "36": {
        "start": { "line": 153, "column": 19 },
        "end": { "line": 153, "column": null }
      },
      "37": {
        "start": { "line": 154, "column": 20 },
        "end": { "line": 154, "column": null }
      },
      "38": {
        "start": { "line": 155, "column": 29 },
        "end": { "line": 155, "column": null }
      },
      "39": {
        "start": { "line": 157, "column": 34 },
        "end": { "line": 157, "column": null }
      },
      "40": {
        "start": { "line": 158, "column": 46 },
        "end": { "line": 158, "column": null }
      },
      "41": {
        "start": { "line": 159, "column": 42 },
        "end": { "line": 159, "column": null }
      },
      "42": {
        "start": { "line": 160, "column": 46 },
        "end": { "line": 160, "column": null }
      },
      "43": {
        "start": { "line": 162, "column": 26 },
        "end": { "line": 171, "column": null }
      },
      "44": {
        "start": { "line": 174, "column": 16 },
        "end": { "line": 174, "column": null }
      },
      "45": {
        "start": { "line": 175, "column": 21 },
        "end": { "line": 175, "column": null }
      },
      "46": {
        "start": { "line": 175, "column": 40 },
        "end": { "line": 175, "column": 52 }
      },
      "47": {
        "start": { "line": 176, "column": 4 },
        "end": { "line": 184, "column": null }
      },
      "48": {
        "start": { "line": 177, "column": 6 },
        "end": { "line": 182, "column": null }
      },
      "49": {
        "start": { "line": 177, "column": 25 },
        "end": { "line": 182, "column": 8 }
      },
      "50": {
        "start": { "line": 183, "column": 6 },
        "end": { "line": 183, "column": null }
      },
      "51": {
        "start": { "line": 185, "column": 16 },
        "end": { "line": 185, "column": null }
      },
      "52": {
        "start": { "line": 186, "column": 18 },
        "end": { "line": 186, "column": null }
      },
      "53": {
        "start": { "line": 187, "column": 4 },
        "end": { "line": 194, "column": null }
      },
      "54": {
        "start": { "line": 187, "column": 23 },
        "end": { "line": 194, "column": 6 }
      },
      "55": {
        "start": { "line": 198, "column": 4 },
        "end": { "line": 205, "column": null }
      },
      "56": {
        "start": { "line": 199, "column": 16 },
        "end": { "line": 199, "column": null }
      },
      "57": {
        "start": { "line": 200, "column": 16 },
        "end": { "line": 200, "column": null }
      },
      "58": {
        "start": { "line": 200, "column": 38 },
        "end": { "line": 200, "column": 73 }
      },
      "59": {
        "start": { "line": 201, "column": 6 },
        "end": { "line": 203, "column": null }
      },
      "60": {
        "start": { "line": 202, "column": 8 },
        "end": { "line": 202, "column": null }
      },
      "61": {
        "start": { "line": 204, "column": 6 },
        "end": { "line": 204, "column": null }
      },
      "62": {
        "start": { "line": 209, "column": 4 },
        "end": { "line": 209, "column": null }
      },
      "63": {
        "start": { "line": 210, "column": 4 },
        "end": { "line": 213, "column": null }
      },
      "64": {
        "start": { "line": 211, "column": 6 },
        "end": { "line": 211, "column": null }
      },
      "65": {
        "start": { "line": 212, "column": 6 },
        "end": { "line": 212, "column": null }
      },
      "66": {
        "start": { "line": 215, "column": 17 },
        "end": { "line": 225, "column": null }
      },
      "67": {
        "start": { "line": 227, "column": 21 },
        "end": { "line": 229, "column": null }
      },
      "68": {
        "start": { "line": 230, "column": 19 },
        "end": { "line": 230, "column": null }
      },
      "69": {
        "start": { "line": 232, "column": 4 },
        "end": { "line": 253, "column": null }
      },
      "70": {
        "start": { "line": 233, "column": 18 },
        "end": { "line": 237, "column": null }
      },
      "71": {
        "start": { "line": 238, "column": 6 },
        "end": { "line": 250, "column": null }
      },
      "72": {
        "start": { "line": 239, "column": 8 },
        "end": { "line": 244, "column": null }
      },
      "73": {
        "start": { "line": 245, "column": 8 },
        "end": { "line": 245, "column": null }
      },
      "74": {
        "start": { "line": 246, "column": 8 },
        "end": { "line": 246, "column": null }
      },
      "75": {
        "start": { "line": 248, "column": 20 },
        "end": { "line": 248, "column": null }
      },
      "76": {
        "start": { "line": 249, "column": 8 },
        "end": { "line": 249, "column": null }
      },
      "77": {
        "start": { "line": 252, "column": 6 },
        "end": { "line": 252, "column": null }
      },
      "78": {
        "start": { "line": 257, "column": 4 },
        "end": { "line": 257, "column": null }
      },
      "79": {
        "start": { "line": 258, "column": 4 },
        "end": { "line": 267, "column": null }
      },
      "80": {
        "start": { "line": 271, "column": 4 },
        "end": { "line": 271, "column": null }
      },
      "81": {
        "start": { "line": 272, "column": 4 },
        "end": { "line": 281, "column": null }
      },
      "82": {
        "start": { "line": 285, "column": 4 },
        "end": { "line": 305, "column": null }
      },
      "83": {
        "start": { "line": 286, "column": 28 },
        "end": { "line": 286, "column": null }
      },
      "84": {
        "start": { "line": 287, "column": 18 },
        "end": { "line": 292, "column": null }
      },
      "85": {
        "start": { "line": 293, "column": 6 },
        "end": { "line": 293, "column": null }
      },
      "86": {
        "start": { "line": 293, "column": 19 },
        "end": { "line": 293, "column": null }
      },
      "87": {
        "start": { "line": 294, "column": 19 },
        "end": { "line": 294, "column": null }
      },
      "88": {
        "start": { "line": 295, "column": 18 },
        "end": { "line": 295, "column": null }
      },
      "89": {
        "start": { "line": 296, "column": 16 },
        "end": { "line": 296, "column": null }
      },
      "90": {
        "start": { "line": 297, "column": 6 },
        "end": { "line": 297, "column": null }
      },
      "91": {
        "start": { "line": 298, "column": 6 },
        "end": { "line": 298, "column": null }
      },
      "92": {
        "start": { "line": 299, "column": 6 },
        "end": { "line": 299, "column": null }
      },
      "93": {
        "start": { "line": 300, "column": 6 },
        "end": { "line": 300, "column": null }
      },
      "94": {
        "start": { "line": 301, "column": 6 },
        "end": { "line": 301, "column": null }
      },
      "95": {
        "start": { "line": 302, "column": 6 },
        "end": { "line": 302, "column": null }
      },
      "96": {
        "start": { "line": 304, "column": 6 },
        "end": { "line": 304, "column": null }
      },
      "97": {
        "start": { "line": 308, "column": 25 },
        "end": { "line": 334, "column": null }
      },
      "98": {
        "start": { "line": 309, "column": 4 },
        "end": { "line": 333, "column": null }
      },
      "99": {
        "start": { "line": 310, "column": 16 },
[...]
        "b:212:28:212:Infinity:213:28:213:Infinity": 14,
        "b:228:24:228:Infinity:229:24:229:Infinity": 15,
        "b:235:59:235:64:235:64:235:Infinity": 16,
        "f:237:20:237:31": 12,
        "s:238:22:242:Infinity": 65,
        "b:240:28:240:Infinity:241:28:241:Infinity": 17,
        "b:246:26:246:Infinity:247:26:247:Infinity": 18,
        "b:261:24:261:Infinity:262:24:262:Infinity": 19,
        "b:269:11:269:Infinity:270:12:301:Infinity": 20,
        "b:287:15:287:Infinity:288:16:293:Infinity": 21,
        "b:305:9:305:Infinity:306:10:315:Infinity": 22,
        "b:319:9:319:Infinity:320:10:564:Infinity": 23,
        "b:321:13:321:Infinity:322:14:377:Infinity": 24,
        "b:337:19:337:Infinity:338:20:340:Infinity": 25,
        "b:348:26:348:Infinity:349:26:349:Infinity": 26,
        "b:353:22:361:Infinity:361:22:367:Infinity": 27,
        "b:373:24:373:Infinity:374:24:374:Infinity": 28,
        "b:380:13:380:Infinity:381:14:394:Infinity": 29,
        "b:399:16:404:33:404:16:561:Infinity": 30,
        "f:404:33:404:38": 13,
        "s:405:35:405:Infinity": 66,
        "s:406:35:406:Infinity": 67,
        "s:407:37:407:Infinity": 68,
        "b:407:37:407:49:407:49:407:61:407:61:407:Infinity": 31,
        "s:409:20:409:Infinity": 69,
        "b:409:20:409:45:409:45:409:60:409:60:409:Infinity": 32,
        "s:411:18:559:Infinity": 70,
        "b:418:37:418:54:418:54:418:Infinity": 33,
        "b:423:28:428:29:428:28:433:27": 34,
        "b:436:34:436:Infinity:437:34:437:Infinity": 35,
        "b:440:38:440:59:440:59:440:Infinity": 36,
        "b:448:32:448:Infinity:449:32:451:Infinity": 37,
        "b:450:34:450:Infinity:451:34:451:Infinity": 38,
        "b:449:32:449:46:449:46:449:Infinity": 39,
        "b:455:30:455:Infinity:456:30:458:Infinity": 40,
        "b:457:32:457:Infinity:458:32:458:Infinity": 41,
        "b:520:30:536:31:536:30:539:Infinity": 42,
        "b:521:32:526:33:526:32:536:31": 43,
        "b:543:27:543:Infinity:544:28:557:Infinity": 44,
        "b:413:27:413:38:413:38:413:52:413:52:413:Infinity": 45
      },
      "fnNames": {}
    }
  },
  "C:\\Users\\Usuario\\CIAE-frontend\\src\\pages\\ValidarToken.jsx": {
    "path": "C:\\Users\\Usuario\\CIAE-frontend\\src\\pages\\ValidarToken.jsx",
    "statementMap": {
      "0": {
        "start": { "line": 19, "column": 2 },
        "end": { "line": 19, "column": null }
      },
      "1": {
        "start": { "line": 19, "column": 17 },
        "end": { "line": 19, "column": null }
      },
      "2": {
        "start": { "line": 20, "column": 17 },
        "end": { "line": 20, "column": null }
      },
      "3": {
        "start": { "line": 21, "column": 2 },
        "end": { "line": 21, "column": null }
      },
      "4": {
        "start": { "line": 21, "column": 27 },
        "end": { "line": 21, "column": null }
      },
      "5": {
        "start": { "line": 22, "column": 27 },
        "end": { "line": 22, "column": null }
      },
      "6": {
        "start": { "line": 23, "column": 2 },
        "end": { "line": 23, "column": null }
      },
      "7": {
        "start": { "line": 27, "column": 20 },
        "end": { "line": 27, "column": 30 }
      },
      "8": {
        "start": { "line": 28, "column": 34 },
        "end": { "line": 28, "column": null }
      },
      "9": {
        "start": { "line": 29, "column": 28 },
        "end": { "line": 29, "column": null }
      },
      "10": {
        "start": { "line": 30, "column": 28 },
        "end": { "line": 30, "column": null }
      },
      "11": {
        "start": { "line": 32, "column": 2 },
        "end": { "line": 47, "column": null }
      },
      "12": {
        "start": { "line": 34, "column": 6 },
        "end": { "line": 44, "column": null }
      },
      "13": {
        "start": { "line": 35, "column": 20 },
        "end": { "line": 35, "column": null }
      },
      "14": {
        "start": { "line": 36, "column": 21 },
        "end": { "line": 36, "column": null }
      },
      "15": {
        "start": { "line": 37, "column": 8 },
        "end": { "line": 38, "column": null }
      },
      "16": {
        "start": { "line": 38, "column": 10 },
        "end": { "line": 38, "column": null }
      },
      "17": {
        "start": { "line": 39, "column": 8 },
        "end": { "line": 39, "column": null }
      },
      "18": {
        "start": { "line": 41, "column": 8 },
        "end": { "line": 41, "column": null }
      },
      "19": {
        "start": { "line": 43, "column": 8 },
        "end": { "line": 43, "column": null }
      },
      "20": {
        "start": { "line": 46, "column": 4 },
        "end": { "line": 46, "column": null }
      },
      "21": {
        "start": { "line": 49, "column": 2 },
        "end": { "line": 57, "column": null }
      },
      "22": {
        "start": { "line": 50, "column": 4 },
        "end": { "line": 55, "column": null }
      },
      "23": {
        "start": { "line": 61, "column": 4 },
        "end": { "line": 62, "column": null }
      },
      "24": {
        "start": { "line": 64, "column": 4 },
        "end": { "line": 66, "column": null }
      },
      "25": {
        "start": { "line": 67, "column": 27 },
        "end": { "line": 67, "column": null }
      },
      "26": {
        "start": { "line": 69, "column": 2 },
        "end": { "line": 231, "column": null }
      }
    },
    "fnMap": {
      "0": {
        "name": "formatearFecha",
        "decl": {
          "start": { "line": 18, "column": 9 },
          "end": { "line": 18, "column": 24 }
        },
        "loc": {
          "start": { "line": 18, "column": 34 },
          "end": { "line": 24, "column": null }
        },
        "line": 18
      },
      "1": {
        "name": "ValidarToken",
        "decl": {
          "start": { "line": 26, "column": 9 },
          "end": { "line": 26, "column": 24 }
        },
        "loc": {
          "start": { "line": 26, "column": 24 },
          "end": { "line": 233, "column": null }
        },
        "line": 26
      },
      "2": {
        "name": "(anonymous_2)",
        "decl": {
          "start": { "line": 32, "column": 2 },
          "end": { "line": 32, "column": 18 }
        },
        "loc": {
          "start": { "line": 32, "column": 18 },
          "end": { "line": 47, "column": 5 }
        },
        "line": 32
      },
      "3": {
        "name": "verificar",
        "decl": {
          "start": { "line": 33, "column": 19 },
          "end": { "line": 33, "column": 31 }
        },
        "loc": {
          "start": { "line": 33, "column": 31 },
          "end": { "line": 45, "column": null }
        },
        "line": 33
      }
    },
    "branchMap": {
      "0": {
        "loc": {
          "start": { "line": 19, "column": 2 },
          "end": { "line": 19, "column": null }
        },
        "type": "if",
        "locations": [
          {
            "start": { "line": 19, "column": 2 },
            "end": { "line": 19, "column": null }
          },
          { "start": {}, "end": {} }
        ],
        "line": 19
      },
      "1": {
        "loc": {
          "start": { "line": 21, "column": 2 },
          "end": { "line": 21, "column": null }
        },
        "type": "if",
        "locations": [
          {
            "start": { "line": 21, "column": 2 },
            "end": { "line": 21, "column": null }
          },
          { "start": {}, "end": {} }
        ],
        "line": 21
      },
      "2": {
        "loc": {
          "start": { "line": 37, "column": 8 },
          "end": { "line": 38, "column": null }
        },
        "type": "if",
        "locations": [
          {
            "start": { "line": 37, "column": 8 },
            "end": { "line": 38, "column": null }
          },
          { "start": {}, "end": {} }
        ],
        "line": 37
      },
      "3": {
        "loc": {
          "start": { "line": 38, "column": 26 },
          "end": { "line": 38, "column": 79 }
        },
        "type": "binary-expr",
        "locations": [
          {
            "start": { "line": 38, "column": 26 },
            "end": { "line": 38, "column": 41 }
          },
          {
            "start": { "line": 38, "column": 41 },
            "end": { "line": 38, "column": 79 }
          }
        ],
        "line": 38
      },
      "4": {
        "loc": {
          "start": { "line": 49, "column": 2 },
          "end": { "line": 57, "column": null }
        },
        "type": "if",
        "locations": [
          {
            "start": { "line": 49, "column": 2 },
            "end": { "line": 57, "column": null }
          },
          { "start": {}, "end": {} }
        ],
        "line": 49
      },
      "5": {
        "loc": {
          "start": { "line": 61, "column": 4 },
          "end": { "line": 62, "column": null }
        },
        "type": "binary-expr",
        "locations": [
          {
            "start": { "line": 61, "column": 4 },
            "end": { "line": 61, "column": null }
          },
          {
            "start": { "line": 62, "column": 4 },
            "end": { "line": 62, "column": null }
          }
        ],
        "line": 61
      },
      "6": {
        "loc": {
          "start": { "line": 64, "column": 4 },
          "end": { "line": 66, "column": null }
        },
        "type": "binary-expr",
        "locations": [
          {
            "start": { "line": 64, "column": 4 },
            "end": { "line": 64, "column": null }
          },
          {
            "start": { "line": 65, "column": 4 },
            "end": { "line": 65, "column": null }
          },
          {
            "start": { "line": 66, "column": 4 },
            "end": { "line": 66, "column": null }
          }
        ],
        "line": 64
      },
      "7": {
        "loc": {
          "start": { "line": 67, "column": 27 },
          "end": { "line": 67, "column": null }
        },
        "type": "binary-expr",
        "locations": [
          {
            "start": { "line": 67, "column": 27 },
            "end": { "line": 67, "column": 44 }
          },
          {
            "start": { "line": 67, "column": 44 },
            "end": { "line": 67, "column": 62 }
          },
          {
            "start": { "line": 67, "column": 62 },
            "end": { "line": 67, "column": null }
          }
        ],
        "line": 67
      },
      "8": {
        "loc": {
          "start": { "line": 75, "column": 12 },
          "end": { "line": 79, "column": null }
        },
        "type": "cond-expr",
        "locations": [
          {
            "start": { "line": 76, "column": 16 },
            "end": { "line": 76, "column": null }
          },
          {
            "start": { "line": 77, "column": 16 },
            "end": { "line": 79, "column": null }
          }
        ],
        "line": 75
      },
      "9": {
        "loc": {
          "start": { "line": 77, "column": 16 },
          "end": { "line": 79, "column": null }
        },
        "type": "cond-expr",
        "locations": [
          {
            "start": { "line": 78, "column": 18 },
            "end": { "line": 78, "column": null }
          },
          {
            "start": { "line": 79, "column": 18 },
            "end": { "line": 79, "column": null }
          }
        ],
        "line": 77
      },
      "10": {
        "loc": {
          "start": { "line": 82, "column": 11 },
          "end": { "line": 109, "column": null }
        },
        "type": "cond-expr",
        "locations": [
          {
            "start": { "line": 83, "column": 12 },
            "end": { "line": 90, "column": null }
          },
          {
            "start": { "line": 90, "column": 14 },
            "end": { "line": 109, "column": null }
          }
        ],
        "line": 82
      },
      "11": {
        "loc": {
          "start": { "line": 90, "column": 14 },
          "end": { "line": 109, "column": null }
        },
        "type": "cond-expr",
        "locations": [
          {
            "start": { "line": 91, "column": 12 },
            "end": { "line": 99, "column": null }
          },
          {
            "start": { "line": 99, "column": 12 },
            "end": { "line": 109, "column": null }
          }
        ],
        "line": 90
      },
      "12": {
        "loc": {
          "start": { "line": 102, "column": 17 },
          "end": { "line": 102, "column": null }
        },
        "type": "cond-expr",
        "locations": [
          {
            "start": { "line": 102, "column": 29 },
            "end": { "line": 102, "column": 53 }
          },
          {
            "start": { "line": 102, "column": 53 },
            "end": { "line": 102, "column": null }
          }
        ],
        "line": 102
      },
      "13": {
        "loc": {
          "start": { "line": 105, "column": 17 },
          "end": { "line": 107, "column": null }
        },
        "type": "cond-expr",
        "locations": [
          {
            "start": { "line": 106, "column": 20 },
            "end": { "line": 106, "column": null }
          },
          {
            "start": { "line": 107, "column": 20 },
            "end": { "line": 107, "column": null }
          }
        ],
        "line": 105
      },
      "14": {
        "loc": {
          "start": { "line": 114, "column": 11 },
          "end": { "line": 227, "column": null }
        },
        "type": "cond-expr",
        "locations": [
          {
            "start": { "line": 115, "column": 12 },
            "end": { "line": 215, "column": 13 }
          },
          {
            "start": { "line": 215, "column": 12 },
            "end": { "line": 227, "column": null }
          }
        ],
        "line": 114
      },
      "15": {
        "loc": {
          "start": { "line": 117, "column": 15 },
          "end": { "line": 128, "column": null }
        },
        "type": "binary-expr",
        "locations": [
          {
            "start": { "line": 117, "column": 15 },
            "end": { "line": 117, "column": null }
          },
          {
            "start": { "line": 118, "column": 16 },
            "end": { "line": 128, "column": null }
          }
        ],
        "line": 117
      },
      "16": {
        "loc": {
          "start": { "line": 140, "column": 19 },
          "end": { "line": 145, "column": null }
        },
        "type": "binary-expr",
        "locations": [
          {
            "start": { "line": 140, "column": 19 },
            "end": { "line": 140, "column": null }
          },
          {
            "start": { "line": 141, "column": 20 },
            "end": { "line": 145, "column": null }
          }
        ],
        "line": 140
      },
      "17": {
        "loc": {
          "start": { "line": 191, "column": 17 },
          "end": { "line": 210, "column": null }
        },
        "type": "cond-expr",
        "locations": [
          {
            "start": { "line": 192, "column": 18 },
            "end": { "line": 196, "column": 26 }
          },
          {
            "start": { "line": 196, "column": 20 },
            "end": { "line": 210, "column": null }
          }
        ],
        "line": 191
      },
      "18": {
        "loc": {
          "start": { "line": 196, "column": 20 },
          "end": { "line": 210, "column": null }
        },
        "type": "cond-expr",
        "locations": [
          {
            "start": { "line": 197, "column": 18 },
            "end": { "line": 208, "column": 19 }
          },
          {
            "start": { "line": 208, "column": 18 },
            "end": { "line": 210, "column": null }
          }
        ],
        "line": 196
      },
      "19": {
        "loc": {
          "start": { "line": 197, "column": 18 },
          "end": { "line": 208, "column": 19 }
        },
        "type": "cond-expr",
        "locations": [
          {
            "start": { "line": 198, "column": 20 },
            "end": { "line": 203, "column": 21 }
          },
          {
            "start": { "line": 203, "column": 20 },
            "end": { "line": 208, "column": 19 }
          }
        ],
        "line": 197
      },
      "20": {
        "loc": {
          "start": { "line": 218, "column": 17 },
          "end": { "line": 219, "column": null }
        },
        "type": "binary-expr",
        "locations": [
          {
            "start": { "line": 218, "column": 17 },
            "end": { "line": 218, "column": null }
          },
          {
            "start": { "line": 219, "column": 18 },
            "end": { "line": 219, "column": null }
          }
        ],
        "line": 218
      }
    },
    "s": {
      "0": 7,
      "1": 1,
      "2": 6,
      "3": 6,
      "4": 0,
      "5": 6,
      "6": 6,
      "7": 15,
      "8": 15,
      "9": 15,
      "10": 15,
      "11": 15,
      "12": 8,
      "13": 8,
      "14": 6,
      "15": 6,
      "16": 1,
      "17": 5,
      "18": 2,
      "19": 7,
      "20": 8,
      "21": 15,
      "22": 8,
      "23": 7,
      "24": 15,
      "25": 15,
      "26": 15
    },
    "f": { "0": 7, "1": 15, "2": 8, "3": 8 },
    "b": {
      "0": [1, 6],
      "1": [0, 6],
      "2": [1, 5],
      "3": [1, 0],
      "4": [8, 7],
      "5": [7, 6],
      "6": [15, 5, 1],
      "7": [15, 5, 4],
      "8": [3, 4],
      "9": [1, 3],
      "10": [3, 4],
      "11": [1, 3],
      "12": [1, 2],
      "13": [1, 2],
      "14": [5, 2],
      "15": [5, 1],
      "16": [5, 1],
      "17": [1, 4],
      "18": [2, 2],
      "19": [1, 1],
      "20": [2, 0]
    },
    "meta": {
      "lastBranch": 21,
      "lastFunction": 4,
      "lastStatement": 27,
      "seen": {
        "f:18:9:18:24": 0,
        "b:19:2:19:Infinity:undefined:undefined:undefined:undefined": 0,
        "s:19:2:19:Infinity": 0,
        "s:19:17:19:Infinity": 1,
        "s:20:17:20:Infinity": 2,
        "b:21:2:21:Infinity:undefined:undefined:undefined:undefined": 1,
        "s:21:2:21:Infinity": 3,
        "s:21:27:21:Infinity": 4,
        "s:22:27:22:Infinity": 5,
        "s:23:2:23:Infinity": 6,
        "f:26:9:26:24": 1,
        "s:27:20:27:30": 7,
        "s:28:34:28:Infinity": 8,
        "s:29:28:29:Infinity": 9,
        "s:30:28:30:Infinity": 10,
        "s:32:2:47:Infinity": 11,
        "f:32:2:32:18": 2,
        "f:33:19:33:31": 3,
        "s:34:6:44:Infinity": 12,
        "s:35:20:35:Infinity": 13,
        "s:36:21:36:Infinity": 14,
        "b:37:8:38:Infinity:undefined:undefined:undefined:undefined": 2,
        "s:37:8:38:Infinity": 15,
        "s:38:10:38:Infinity": 16,
        "b:38:26:38:41:38:41:38:79": 3,
        "s:39:8:39:Infinity": 17,
        "s:41:8:41:Infinity": 18,
        "s:43:8:43:Infinity": 19,
        "s:46:4:46:Infinity": 20,
        "b:49:2:57:Infinity:undefined:undefined:undefined:undefined": 4,
        "s:49:2:57:Infinity": 21,
        "s:50:4:55:Infinity": 22,
        "s:61:4:62:Infinity": 23,
        "b:61:4:61:Infinity:62:4:62:Infinity": 5,
        "s:64:4:66:Infinity": 24,
        "b:64:4:64:Infinity:65:4:65:Infinity:66:4:66:Infinity": 6,
        "s:67:27:67:Infinity": 25,
        "b:67:27:67:44:67:44:67:62:67:62:67:Infinity": 7,
        "s:69:2:231:Infinity": 26,
        "b:76:16:76:Infinity:77:16:79:Infinity": 8,
        "b:78:18:78:Infinity:79:18:79:Infinity": 9,
        "b:83:12:90:Infinity:90:14:109:Infinity": 10,
        "b:91:12:99:Infinity:99:12:109:Infinity": 11,
        "b:102:29:102:53:102:53:102:Infinity": 12,
        "b:106:20:106:Infinity:107:20:107:Infinity": 13,
        "b:115:12:215:13:215:12:227:Infinity": 14,
        "b:117:15:117:Infinity:118:16:128:Infinity": 15,
        "b:140:19:140:Infinity:141:20:145:Infinity": 16,
        "b:192:18:196:26:196:20:210:Infinity": 17,
        "b:197:18:208:19:208:18:210:Infinity": 18,
        "b:198:20:203:21:203:20:208:19": 19,
        "b:218:17:218:Infinity:219:18:219:Infinity": 20
      },
      "fnNames": {}
    }
  }
}
